<?xml version="1.0" encoding="UTF-8"?>
<testsuite xmlns:xsi="http://www.w3.org/2001/XMLSchema-instance" xsi:noNamespaceSchemaLocation="https://maven.apache.org/surefire/maven-surefire-plugin/xsd/surefire-test-report-3.0.xsd" version="3.0" name="TestSuite" time="365.43" tests="1" errors="0" skipped="0" failures="0">
  <properties>
[...]
</properties>
  <testcase name="testcase1" classname="MobileAppiumFramework.HybridappTesting" time="354.33">
    <system-out><![CDATA[&amp#27;[35m[Appium]&amp#27;[39m Welcome to Appium v1.17.1
&amp#27;[35m[Appium]&amp#27;[39m Non-default server args:
&amp#27;[35m[Appium]&amp#27;[39m   address: 127.0.0.1
&amp#27;[35m[Appium]&amp#27;[39m Appium REST http interface listener started on 127.0.0.1:4723
&amp#27;[35m[HTTP]&amp#27;[39m &amp#27;[37m-->&amp#27;[39m &amp#27;[37mGET&amp#27;[39m &amp#27;[37m/wd/hub/status&amp#27;[39m
&amp#27;[35m[HTTP]&amp#27;[39m &amp#27;[90m{}&amp#27;[39m
[debug] &amp#27;[35m[GENERIC]&amp#27;[39m Calling AppiumDriver.getStatus() with args: []
[debug] &amp#27;[35m[GENERIC]&amp#27;[39m Responding to client with driver.getStatus() result: {"build":{"version":"1.17.1"}}
&amp#27;[35m[HTTP]&amp#27;[39m &amp#27;[37m<-- GET /wd/hub/status &amp#27;[39m&amp#27;[32m200&amp#27;[39m &amp#27;[90m5 ms - 68&amp#27;[39m
&amp#27;[35m[HTTP]&amp#27;[39m &amp#27;[90m&amp#27;[39m
&amp#27;[35m[HTTP]&amp#27;[39m &amp#27;[37m-->&amp#27;[39m &amp#27;[37mPOST&amp#27;[39m &amp#27;[37m/wd/hub/session&amp#27;[39m
&amp#27;[35m[HTTP]&amp#27;[39m &amp#27;[90m{"desiredCapabilities":{"appActivity":"org.khanacademy.android.ui.library.MainActivity","appPackage":"org.khanacademy.android","chromedriverExecutable":"C:\\Users\\ShravyaRai\\Downloads\\chromedriver_win32\\chromedriver.exe","noReset":false,"automationName":"UIAutomator2","platformName":"Android","deviceName":"Shravya9"},"capabilities":{"firstMatch":[{"appium:appActivity":"org.khanacademy.android.ui.library.MainActivity","appium:appPackage":"org.khanacademy.android","appium:automationName":"UIAutomator2","appium:chromedriverExecutable":"C:\\Users\\ShravyaRai\\Downloads\\chromedriver_win32\\chromedriver.exe","appium:deviceName":"Shravya9","appium:noReset":false,"platformName":"android"}]}}&amp#27;[39m
[debug] &amp#27;[35m[W3C]&amp#27;[39m Calling AppiumDriver.createSession() with args: [{"appActivity":"org.khanacademy.android.ui.library.MainActivity","appPackage":"org.khanacademy.android","chromedriverExecutable":"C:\\Users\\ShravyaRai\\Downloads\\chromedriver_win32\\chromedriver.exe","noReset":false,"automationName":"UIAutomator2","platformName":"Android","deviceName":"Shravya9"},null,{"firstMatch":[{"appium:appActivity":"org.khanacademy.android.ui.library.MainActivity","appium:appPackage":"org.khanacademy.android","appium:automationName":"UIAutomator2","appium:chromedriverExecutable":"C:\\Users\\ShravyaRai\\Downloads\\chromedriver_win32\\chromedriver.exe","appium:deviceName":"Shravya9","appium:noReset":false,"platformName":"android"}]}]
[debug] &amp#27;[35m[BaseDriver]&amp#27;[39m Event 'newSessionRequested' logged at 1622632682366 (16:48:02 GMT+0530 (India Standard Time))
&amp#27;[35m[Appium]&amp#27;[39m Appium v1.17.1 creating new AndroidUiautomator2Driver (v1.44.2) session
[debug] &amp#27;[35m[BaseDriver]&amp#27;[39m W3C capabilities and MJSONWP desired capabilities were provided
[debug] &amp#27;[35m[BaseDriver]&amp#27;[39m Creating session with W3C capabilities: {
[debug] &amp#27;[35m[BaseDriver]&amp#27;[39m   "alwaysMatch": {
[debug] &amp#27;[35m[BaseDriver]&amp#27;[39m     "platformName": "android",
[debug] &amp#27;[35m[BaseDriver]&amp#27;[39m     "appium:appActivity": "org.khanacademy.android.ui.library.MainActivity",
[debug] &amp#27;[35m[BaseDriver]&amp#27;[39m     "appium:appPackage": "org.khanacademy.android",
[debug] &amp#27;[35m[BaseDriver]&amp#27;[39m     "appium:automationName": "UIAutomator2",
[debug] &amp#27;[35m[BaseDriver]&amp#27;[39m     "appium:chromedriverExecutable": "C:\\Users\\ShravyaRai\\Downloads\\chromedriver_win32\\chromedriver.exe",
[debug] &amp#27;[35m[BaseDriver]&amp#27;[39m     "appium:deviceName": "Shravya9",
[debug] &amp#27;[35m[BaseDriver]&amp#27;[39m     "appium:noReset": false
[debug] &amp#27;[35m[BaseDriver]&amp#27;[39m   },
[debug] &amp#27;[35m[BaseDriver]&amp#27;[39m   "firstMatch": [
[debug] &amp#27;[35m[BaseDriver]&amp#27;[39m     {}
[debug] &amp#27;[35m[BaseDriver]&amp#27;[39m   ]
[debug] &amp#27;[35m[BaseDriver]&amp#27;[39m }
&amp#27;[35m[BaseDriver]&amp#27;[39m Session created with session id: 5d4d029e-608c-4025-b328-68d749c43761
&amp#27;[35m[UiAutomator2]&amp#27;[39m Starting 'org.khanacademy.android' directly on the device
&amp#27;[35m[ADB]&amp#27;[39m Found 1 'build-tools' folders under 'C:\Users\ShravyaRai\AppData\Local\Android\Sdk' (newest first):
&amp#27;[35m[ADB]&amp#27;[39m     C:/Users/ShravyaRai/AppData/Local/Android/Sdk/build-tools/30.0.3
&amp#27;[35m[ADB]&amp#27;[39m Using 'adb.exe' from 'C:\Users\ShravyaRai\AppData\Local\Android\Sdk\platform-tools\adb.exe'
&amp#27;[35m[AndroidDriver]&amp#27;[39m Retrieving device list
[debug] &amp#27;[35m[ADB]&amp#27;[39m Trying to find a connected android device
[debug] &amp#27;[35m[ADB]&amp#27;[39m Getting connected devices...
[debug] &amp#27;[35m[ADB]&amp#27;[39m Connected devices: [{"udid":"emulator-5554","state":"device"}]
&amp#27;[35m[AndroidDriver]&amp#27;[39m Using device: emulator-5554
&amp#27;[35m[ADB]&amp#27;[39m Using 'adb.exe' from 'C:\Users\ShravyaRai\AppData\Local\Android\Sdk\platform-tools\adb.exe'
[debug] &amp#27;[35m[ADB]&amp#27;[39m Setting device id to emulator-5554
[debug] &amp#27;[35m[ADB]&amp#27;[39m Running 'C:\Users\ShravyaRai\AppData\Local\Android\Sdk\platform-tools\adb.exe -P 5037 -s emulator-5554 shell getprop ro.build.version.sdk'
[debug] &amp#27;[35m[ADB]&amp#27;[39m Current device property 'ro.build.version.sdk': 26
[debug] &amp#27;[35m[ADB]&amp#27;[39m Device API level: 26
&amp#27;[35m[AndroidDriver]&amp#27;[39m No app sent in, not parsing package/activity
[debug] &amp#27;[35m[ADB]&amp#27;[39m Running 'C:\Users\ShravyaRai\AppData\Local\Android\Sdk\platform-tools\adb.exe -P 5037 -s emulator-5554 wait-for-device'
[debug] &amp#27;[35m[ADB]&amp#27;[39m Running 'C:\Users\ShravyaRai\AppData\Local\Android\Sdk\platform-tools\adb.exe -P 5037 -s emulator-5554 shell echo ping'
[debug] &amp#27;[35m[AndroidDriver]&amp#27;[39m Pushing settings apk to device...
[debug] &amp#27;[35m[ADB]&amp#27;[39m Getting install status for io.appium.settings
[debug] &amp#27;[35m[ADB]&amp#27;[39m Running 'C:\Users\ShravyaRai\AppData\Local\Android\Sdk\platform-tools\adb.exe -P 5037 -s emulator-5554 shell dumpsys package io.appium.settings'
[debug] &amp#27;[35m[ADB]&amp#27;[39m 'io.appium.settings' is installed
[debug] &amp#27;[35m[ADB]&amp#27;[39m Getting package info for 'io.appium.settings'
[debug] &amp#27;[35m[ADB]&amp#27;[39m Running 'C:\Users\ShravyaRai\AppData\Local\Android\Sdk\platform-tools\adb.exe -P 5037 -s emulator-5554 shell dumpsys package io.appium.settings'
[debug] &amp#27;[35m[ADB]&amp#27;[39m The version name of the installed 'io.appium.settings' is greater or equal to the application version name ('3.1.0' >= '3.1.0')
[debug] &amp#27;[35m[ADB]&amp#27;[39m There is no need to install/upgrade 'C:\Users\ShravyaRai\AppData\Roaming\npm\node_modules\appium\node_modules\io.appium.settings\apks\settings_apk-debug.apk'
[debug] &amp#27;[35m[ADB]&amp#27;[39m Getting IDs of all 'io.appium.settings' processes
[debug] &amp#27;[35m[ADB]&amp#27;[39m Running 'C:\Users\ShravyaRai\AppData\Local\Android\Sdk\platform-tools\adb.exe -P 5037 -s emulator-5554 shell 'pgrep --help; echo $?''
[debug] &amp#27;[35m[ADB]&amp#27;[39m Running 'C:\Users\ShravyaRai\AppData\Local\Android\Sdk\platform-tools\adb.exe -P 5037 -s emulator-5554 shell 'pgrep ^appium\\.settings$ || pgrep ^io\\.appium\\.setti$''
[debug] &amp#27;[35m[AndroidDriver]&amp#27;[39m io.appium.settings is already running. There is no need to reset its permissions.
[debug] &amp#27;[35m[ADB]&amp#27;[39m Running 'C:\Users\ShravyaRai\AppData\Local\Android\Sdk\platform-tools\adb.exe -P 5037 -s emulator-5554 shell appops set io.appium.settings android\:mock_location allow'
[debug] &amp#27;[35m[Logcat]&amp#27;[39m Starting logcat capture
[debug] &amp#27;[35m[UiAutomator2]&amp#27;[39m Forwarding UiAutomator2 Server port 6790 to 8200
[debug] &amp#27;[35m[ADB]&amp#27;[39m Forwarding system: 8200 to device: 6790
[debug] &amp#27;[35m[ADB]&amp#27;[39m Running 'C:\Users\ShravyaRai\AppData\Local\Android\Sdk\platform-tools\adb.exe -P 5037 -s emulator-5554 forward tcp\:8200 tcp\:6790'
[debug] &amp#27;[35m[ADB]&amp#27;[39m Getting install status for io.appium.uiautomator2.server
[debug] &amp#27;[35m[ADB]&amp#27;[39m Running 'C:\Users\ShravyaRai\AppData\Local\Android\Sdk\platform-tools\adb.exe -P 5037 -s emulator-5554 shell dumpsys package io.appium.uiautomator2.server'
[debug] &amp#27;[35m[ADB]&amp#27;[39m 'io.appium.uiautomator2.server' is installed
[debug] &amp#27;[35m[ADB]&amp#27;[39m Getting package info for 'io.appium.uiautomator2.server'
[debug] &amp#27;[35m[ADB]&amp#27;[39m Running 'C:\Users\ShravyaRai\AppData\Local\Android\Sdk\platform-tools\adb.exe -P 5037 -s emulator-5554 shell dumpsys package io.appium.uiautomator2.server'
[debug] &amp#27;[35m[ADB]&amp#27;[39m The version name of the installed 'io.appium.uiautomator2.server' is greater or equal to the application version name ('4.5.5' >= '4.5.5')
[debug] &amp#27;[35m[UiAutomator2]&amp#27;[39m io.appium.uiautomator2.server installation state: sameVersionInstalled
[debug] &amp#27;[35m[ADB]&amp#27;[39m Checking app cert for C:\Users\ShravyaRai\AppData\Roaming\npm\node_modules\appium\node_modules\appium-uiautomator2-server\apks\appium-uiautomator2-server-v4.5.5.apk
&amp#27;[35m[ADB]&amp#27;[39m Using 'apksigner.jar' from 'C:\Users\ShravyaRai\AppData\Local\Android\Sdk\build-tools\30.0.3\lib\apksigner.jar'
[debug] &amp#27;[35m[ADB]&amp#27;[39m Starting apksigner: C:\\SDET-Shravya\\SDET\\Java\\jdk1.8.0_241\\bin\\java.exe -Xmx1024M -Xss1m -jar C:\\Users\\ShravyaRai\\AppData\\Local\\Android\\Sdk\\build-tools\\30.0.3\\lib\\apksigner.jar verify --print-certs C:\\Users\\ShravyaRai\\AppData\\Roaming\\npm\\node_modules\\appium\\node_modules\\appium-uiautomator2-server\\apks\\appium-uiautomator2-server-v4.5.5.apk
[debug] &amp#27;[35m[ADB]&amp#27;[39m apksigner stdout: Signer #1 certificate DN: EMAILADDRESS=android@android.com, CN=Android, OU=Android, O=Android, L=Mountain View, ST=California, C=US
[debug] &amp#27;[35m[ADB]&amp#27;[39m Signer #1 certificate SHA-256 digest: a40da80a59d170caa950cf15c18c454d47a39b26989d8b640ecd745ba71bf5dc
[debug] &amp#27;[35m[ADB]&amp#27;[39m Signer #1 certificate SHA-1 digest: 61ed377e85d386a8dfee6b864bd85b0bfaa5af81
[debug] &amp#27;[35m[ADB]&amp#27;[39m Signer #1 certificate MD5 digest: e89b158e4bcf988ebd09eb83f5378e87
[debug] &amp#27;[35m[ADB]&amp#27;[39m 
[debug] &amp#27;[35m[ADB]&amp#27;[39m 'C:\Users\ShravyaRai\AppData\Roaming\npm\node_modules\appium\node_modules\appium-uiautomator2-server\apks\appium-uiautomator2-server-v4.5.5.apk' is signed with the default certificate
[debug] &amp#27;[35m[ADB]&amp#27;[39m Getting install status for io.appium.uiautomator2.server.test
[debug] &amp#27;[35m[ADB]&amp#27;[39m Running 'C:\Users\ShravyaRai\AppData\Local\Android\Sdk\platform-tools\adb.exe -P 5037 -s emulator-5554 shell dumpsys package io.appium.uiautomator2.server.test'
[debug] &amp#27;[35m[ADB]&amp#27;[39m 'io.appium.uiautomator2.server.test' is installed
[debug] &amp#27;[35m[ADB]&amp#27;[39m Checking app cert for C:\Users\ShravyaRai\AppData\Roaming\npm\node_modules\appium\node_modules\appium-uiautomator2-server\apks\appium-uiautomator2-server-debug-androidTest.apk
[debug] &amp#27;[35m[ADB]&amp#27;[39m Starting apksigner: C:\\SDET-Shravya\\SDET\\Java\\jdk1.8.0_241\\bin\\java.exe -Xmx1024M -Xss1m -jar C:\\Users\\ShravyaRai\\AppData\\Local\\Android\\Sdk\\build-tools\\30.0.3\\lib\\apksigner.jar verify --print-certs C:\\Users\\ShravyaRai\\AppData\\Roaming\\npm\\node_modules\\appium\\node_modules\\appium-uiautomator2-server\\apks\\appium-uiautomator2-server-debug-androidTest.apk
[debug] &amp#27;[35m[ADB]&amp#27;[39m apksigner stdout: Signer #1 certificate DN: EMAILADDRESS=android@android.com, CN=Android, OU=Android, O=Android, L=Mountain View, ST=California, C=US
[debug] &amp#27;[35m[ADB]&amp#27;[39m Signer #1 certificate SHA-256 digest: a40da80a59d170caa950cf15c18c454d47a39b26989d8b640ecd745ba71bf5dc
[debug] &amp#27;[35m[ADB]&amp#27;[39m Signer #1 certificate SHA-1 digest: 61ed377e85d386a8dfee6b864bd85b0bfaa5af81
[debug] &amp#27;[35m[ADB]&amp#27;[39m Signer #1 certificate MD5 digest: e89b158e4bcf988ebd09eb83f5378e87
[debug] &amp#27;[35m[ADB]&amp#27;[39m 
[debug] &amp#27;[35m[ADB]&amp#27;[39m 'C:\Users\ShravyaRai\AppData\Roaming\npm\node_modules\appium\node_modules\appium-uiautomator2-server\apks\appium-uiautomator2-server-debug-androidTest.apk' is signed with the default certificate
&amp#27;[35m[UiAutomator2]&amp#27;[39m Server packages are not going to be (re)installed
[debug] &amp#27;[35m[UiAutomator2]&amp#27;[39m Waiting up to 30000ms for services to be available
[debug] &amp#27;[35m[ADB]&amp#27;[39m Running 'C:\Users\ShravyaRai\AppData\Local\Android\Sdk\platform-tools\adb.exe -P 5037 -s emulator-5554 shell pm list instrumentation'
[debug] &amp#27;[35m[UiAutomator2]&amp#27;[39m Instrumentation target 'io.appium.uiautomator2.server.test/androidx.test.runner.AndroidJUnitRunner' is available
[debug] &amp#27;[35m[UiAutomator2]&amp#27;[39m No app capability. Assuming it is already on the device
[debug] &amp#27;[35m[ADB]&amp#27;[39m Getting install status for org.khanacademy.android
[debug] &amp#27;[35m[ADB]&amp#27;[39m Running 'C:\Users\ShravyaRai\AppData\Local\Android\Sdk\platform-tools\adb.exe -P 5037 -s emulator-5554 shell dumpsys package org.khanacademy.android'
[debug] &amp#27;[35m[ADB]&amp#27;[39m 'org.khanacademy.android' is installed
[debug] &amp#27;[35m[ADB]&amp#27;[39m Running 'C:\Users\ShravyaRai\AppData\Local\Android\Sdk\platform-tools\adb.exe -P 5037 -s emulator-5554 shell am force-stop org.khanacademy.android'
[debug] &amp#27;[35m[ADB]&amp#27;[39m Running 'C:\Users\ShravyaRai\AppData\Local\Android\Sdk\platform-tools\adb.exe -P 5037 -s emulator-5554 shell pm clear org.khanacademy.android'
[debug] &amp#27;[35m[AndroidDriver]&amp#27;[39m Performed fast reset on the installed 'org.khanacademy.android' application (stop and clear)
[debug] &amp#27;[35m[UiAutomator2]&amp#27;[39m Performing shallow cleanup of automation leftovers
[debug] &amp#27;[35m[UiAutomator2]&amp#27;[39m The following obsolete sessions are still running: ["9ba034aa-150b-4ddf-aa46-ebf31d1a19e8"]
[debug] &amp#27;[35m[UiAutomator2]&amp#27;[39m Cleaning up the obsolete sessions
[debug] &amp#27;[35m[ADB]&amp#27;[39m Running 'C:\Users\ShravyaRai\AppData\Local\Android\Sdk\platform-tools\adb.exe -P 5037 -s emulator-5554 shell am force-stop io.appium.uiautomator2.server.test'
&amp#27;[35m[UiAutomator2]&amp#27;[39m Starting UIAutomator2 server 4.5.5
&amp#27;[35m[UiAutomator2]&amp#27;[39m Using UIAutomator2 server from 'C:\Users\ShravyaRai\AppData\Roaming\npm\node_modules\appium\node_modules\appium-uiautomator2-server\apks\appium-uiautomator2-server-v4.5.5.apk' and test from 'C:\Users\ShravyaRai\AppData\Roaming\npm\node_modules\appium\node_modules\appium-uiautomator2-server\apks\appium-uiautomator2-server-debug-androidTest.apk'
&amp#27;[35m[UiAutomator2]&amp#27;[39m Waiting up to 30000ms for UiAutomator2 to be online...
[debug] &amp#27;[35m[ADB]&amp#27;[39m Creating ADB subprocess with args: ["-P",5037,"-s","emulator-5554","shell","am","instrument","-w","io.appium.uiautomator2.server.test/androidx.test.runner.AndroidJUnitRunner"]
[debug] &amp#27;[35m[Instrumentation]&amp#27;[39m io.appium.uiautomator2.server.test.AppiumUiAutomator2Server:
[debug] &amp#27;[35m[WD Proxy]&amp#27;[39m Matched '/status' to command name 'getStatus'
[debug] &amp#27;[35m[WD Proxy]&amp#27;[39m Proxying [GET /status] to [GET http://127.0.0.1:8200/wd/hub/status] with no body
&amp#27;[35m[WD Proxy]&amp#27;[39m Got response with unknown status: {"code":"ECONNRESET"}
[debug] &amp#27;[35m[WD Proxy]&amp#27;[39m Matched '/status' to command name 'getStatus'
[debug] &amp#27;[35m[WD Proxy]&amp#27;[39m Proxying [GET /status] to [GET http://127.0.0.1:8200/wd/hub/status] with no body
[debug] &amp#27;[35m[WD Proxy]&amp#27;[39m Got response with status 200: {"sessionId":"None","value":{"ready":true,"message":"UiAutomator2 Server is ready to accept commands"}}
[debug] &amp#27;[35m[UiAutomator2]&amp#27;[39m The initialization of the instrumentation process took 2101ms
[debug] &amp#27;[35m[WD Proxy]&amp#27;[39m Matched '/session' to command name 'createSession'
[debug] &amp#27;[35m[WD Proxy]&amp#27;[39m Proxying [POST /session] to [POST http://127.0.0.1:8200/wd/hub/session] with body: {"capabilities":{"firstMatch":[{"platform":"LINUX","webStorageEnabled":false,"takesScreenshot":true,"javascriptEnabled":true,"databaseEnabled":false,"networkConnectionEnabled":true,"locationContextEnabled":false,"warnings":{},"desired":{"platformName":"android","appActivity":"org.khanacademy.android.ui.library.MainActivity","appPackage":"org.khanacademy.android","automationName":"UIAutomator2","chromedriverExecutable":"C:\\Users\\ShravyaRai\\Downloads\\chromedriver_win32\\chromedriver.exe","deviceName":"Shravya9","noReset":false},"platformName":"android","appActivity":"org.khanacademy.android.ui.library.MainActivity","appPackage":"org.khanacademy.android","automationName":"UIAutomator2","chromedriverExecutable":"C:\\Users\\ShravyaRai\\Downloads\\chromedriver_win32\\chromedriver.exe","deviceName":"emulator-5554","noReset":false,"deviceUDID":"emulator-5554"}],"alwaysMatch":{}}}
[debug] &amp#27;[35m[WD Proxy]&amp#27;[39m Got response with status 200: {"sessionId":"b9791e08-e950-455d-abb7-57cd25fcf4fd","value":{"sessionId":"b9791e08-e950-455d-abb7-57cd25fcf4fd","capabilities":{"firstMatch":[{"platform":"LINUX","webStorageEnabled":false,"takesScreenshot":true,"javascriptEnabled":true,"databaseEnabled":false,"networkConnectionEnabled":true,"locationContextEnabled":false,"warnings":{},"desired":{"platformName":"android","appActivity":"org.khanacademy.android.ui.library.MainActivity","appPackage":"org.khanacademy.android","automationName":"UIAutomator2","chromedriverExecutable":"C:\\Users\\ShravyaRai\\Downloads\\chromedriver_win32\\chromedriver.exe","deviceName":"Shravya9","noReset":false},"platformName":"android","appActivity":"org.khanacademy.android.ui.library.MainActivity","appPackage":"org.khanacademy.android","automationName":"UIAutomator2","chromedriverExecutable":"C:\\Users\\ShravyaRai\\Downloads\\chromedriver_win32\\chromedriver.exe","deviceName":"emulator-5554","noReset":false,"deviceUDID":"emulator-5554"}],"alwaysMatch":{}}}}
&amp#27;[35m[WD Proxy]&amp#27;[39m Determined the downstream protocol as 'W3C'
[debug] &amp#27;[35m[WD Proxy]&amp#27;[39m Proxying [GET /appium/device/info] to [GET http://127.0.0.1:8200/wd/hub/session/b9791e08-e950-455d-abb7-57cd25fcf4fd/appium/device/info] with no body
[debug] &amp#27;[35m[WD Proxy]&amp#27;[39m Got response with status 200: {"sessionId":"b9791e08-e950-455d-abb7-57cd25fcf4fd","value":{"androidId":"cc4faf960e5666e8","manufacturer":"Google","model":"Android SDK built for x86","brand":"google","apiVersion":"26","platformVersion":"8.0.0","carrierName":"Android","realDisplaySize":"1080x2220","displayDensity":440,"networks":[{"type":0,"typeName":"MOBILE","subtype":13,"subtypeName":"LTE","isConnected":true,"detailedState":"CONNECTED","state":"CONNECTED","extraInfo":"epc.tmobile.com","isAvailable":true,"isFailover":false,"isRoaming":false,"capabilities":{"transportTypes":"TRANSPORT_CELLULAR","networkCapabilities":"NET_CAPABILITY_MMS,NET_CAPABILITY_SUPL,NET_CAPABILITY_FOTA,NET_CAPABILITY_IMS,NET_CAPABILITY_CBS,NET_CAPABILITY_IA,NET_CAPABILITY_INTERNET,NET_CAPABILITY_NOT_RESTRICTED,NET_CAPABILITY_TRUSTED,NET_CAPABILITY_NOT_VPN,NET_CAPABILITY_VALIDATED","linkUpstreamBandwidthKbps":51200,"linkDownBandwidthKbps":102400,"signalStrength":-2147483648,"networkSpecifier":"1","SSID":null}},{"type":1,"typeName":"WIFI","subtype":0,"subtypeName":""...
[debug] &amp#27;[35m[ADB]&amp#27;[39m Running 'C:\Users\ShravyaRai\AppData\Local\Android\Sdk\platform-tools\adb.exe -P 5037 -s emulator-5554 shell dumpsys window'
&amp#27;[35m[AndroidDriver]&amp#27;[39m Screen already unlocked, doing nothing
&amp#27;[35m[UiAutomator2]&amp#27;[39m Starting 'org.khanacademy.android/org.khanacademy.android.ui.library.MainActivity and waiting for 'org.khanacademy.android/org.khanacademy.android.ui.library.MainActivity'
[debug] &amp#27;[35m[ADB]&amp#27;[39m Running 'C:\Users\ShravyaRai\AppData\Local\Android\Sdk\platform-tools\adb.exe -P 5037 -s emulator-5554 shell am start -W -n org.khanacademy.android/org.khanacademy.android.ui.library.MainActivity -S -a android.intent.action.MAIN -c android.intent.category.LAUNCHER -f 0x10200000'
[debug] &amp#27;[35m[WD Proxy]&amp#27;[39m Proxying [GET /appium/device/pixel_ratio] to [GET http://127.0.0.1:8200/wd/hub/session/b9791e08-e950-455d-abb7-57cd25fcf4fd/appium/device/pixel_ratio] with body: {}
[debug] &amp#27;[35m[WD Proxy]&amp#27;[39m Got response with status 200: {"sessionId":"b9791e08-e950-455d-abb7-57cd25fcf4fd","value":2.75}
[debug] &amp#27;[35m[WD Proxy]&amp#27;[39m Matched '/appium/device/system_bars' to command name 'getSystemBars'
[debug] &amp#27;[35m[WD Proxy]&amp#27;[39m Proxying [GET /appium/device/system_bars] to [GET http://127.0.0.1:8200/wd/hub/session/b9791e08-e950-455d-abb7-57cd25fcf4fd/appium/device/system_bars] with body: {}
[debug] &amp#27;[35m[WD Proxy]&amp#27;[39m Got response with status 200: {"sessionId":"b9791e08-e950-455d-abb7-57cd25fcf4fd","value":{"statusBar":66}}
[debug] &amp#27;[35m[WD Proxy]&amp#27;[39m Matched '/window/current/size' to command name 'getWindowSize'
[debug] &amp#27;[35m[WD Proxy]&amp#27;[39m Proxying [GET /window/current/size] to [GET http://127.0.0.1:8200/wd/hub/session/b9791e08-e950-455d-abb7-57cd25fcf4fd/window/current/size] with body: {}
[debug] &amp#27;[35m[WD Proxy]&amp#27;[39m Got response with status 200: {"sessionId":"b9791e08-e950-455d-abb7-57cd25fcf4fd","value":{"height":2088,"width":1080}}
&amp#27;[35m[Appium]&amp#27;[39m New AndroidUiautomator2Driver session created successfully, session 5d4d029e-608c-4025-b328-68d749c43761 added to master session list
[debug] &amp#27;[35m[BaseDriver]&amp#27;[39m Event 'newSessionStarted' logged at 1622632690230 (16:48:10 GMT+0530 (India Standard Time))
[debug] &amp#27;[35m[W3C (5d4d029e)]&amp#27;[39m Cached the protocol value 'W3C' for the new session 5d4d029e-608c-4025-b328-68d749c43761
[debug] &amp#27;[35m[W3C (5d4d029e)]&amp#27;[39m Responding to client with driver.createSession() result: {"capabilities":{"platform":"LINUX","webStorageEnabled":false,"takesScreenshot":true,"javascriptEnabled":true,"databaseEnabled":false,"networkConnectionEnabled":true,"locationContextEnabled":false,"warnings":{},"desired":{"platformName":"android","appActivity":"org.khanacademy.android.ui.library.MainActivity","appPackage":"org.khanacademy.android","automationName":"UIAutomator2","chromedriverExecutable":"C:\\Users\\ShravyaRai\\Downloads\\chromedriver_win32\\chromedriver.exe","deviceName":"Shravya9","noReset":false},"platformName":"android","appActivity":"org.khanacademy.android.ui.library.MainActivity","appPackage":"org.khanacademy.android","automationName":"UIAutomator2","chromedriverExecutable":"C:\\Users\\ShravyaRai\\Downloads\\chromedriver_win32\\chromedriver.exe","deviceName":"emulator-5554","noReset":false,"deviceUDID":"emulator-5554","deviceApiLevel":26,"platformVersion":"8.0.0","deviceScreenSize":"1080x2220","deviceScreenDensity":440,"deviceModel":"Android SDK built for x86","deviceManufacturer":"G...
&amp#27;[35m[HTTP]&amp#27;[39m &amp#27;[37m<-- POST /wd/hub/session &amp#27;[39m&amp#27;[32m200&amp#27;[39m &amp#27;[90m7870 ms - 1189&amp#27;[39m
&amp#27;[35m[HTTP]&amp#27;[39m &amp#27;[90m&amp#27;[39m
&amp#27;[35m[HTTP]&amp#27;[39m &amp#27;[37m-->&amp#27;[39m &amp#27;[37mPOST&amp#27;[39m &amp#27;[37m/wd/hub/session/5d4d029e-608c-4025-b328-68d749c43761/timeouts&amp#27;[39m
&amp#27;[35m[HTTP]&amp#27;[39m &amp#27;[90m{"implicit":30000}&amp#27;[39m
[debug] &amp#27;[35m[W3C (5d4d029e)]&amp#27;[39m Calling AppiumDriver.timeouts() with args: [null,null,null,null,30000,"5d4d029e-608c-4025-b328-68d749c43761"]
[debug] &amp#27;[35m[BaseDriver]&amp#27;[39m W3C timeout argument: {"implicit":30000}}
[debug] &amp#27;[35m[BaseDriver]&amp#27;[39m Set implicit wait to 30000ms
[debug] &amp#27;[35m[W3C (5d4d029e)]&amp#27;[39m Responding to client with driver.timeouts() result: null
&amp#27;[35m[HTTP]&amp#27;[39m &amp#27;[37m<-- POST /wd/hub/session/5d4d029e-608c-4025-b328-68d749c43761/timeouts &amp#27;[39m&amp#27;[32m200&amp#27;[39m &amp#27;[90m10 ms - 14&amp#27;[39m
&amp#27;[35m[HTTP]&amp#27;[39m &amp#27;[90m&amp#27;[39m
Hybrid
&amp#27;[35m[HTTP]&amp#27;[39m &amp#27;[37m-->&amp#27;[39m &amp#27;[37mPOST&amp#27;[39m &amp#27;[37m/wd/hub/session/5d4d029e-608c-4025-b328-68d749c43761/element&amp#27;[39m
&amp#27;[35m[HTTP]&amp#27;[39m &amp#27;[90m{"using":"xpath","value":"//*[@text='Sign in']"}&amp#27;[39m
[debug] &amp#27;[35m[W3C (5d4d029e)]&amp#27;[39m Calling AppiumDriver.findElement() with args: ["xpath","//*[@text='Sign in']","5d4d029e-608c-4025-b328-68d749c43761"]
[debug] &amp#27;[35m[BaseDriver]&amp#27;[39m Valid locator strategies for this request: xpath, id, class name, accessibility id, -android uiautomator
[debug] &amp#27;[35m[BaseDriver]&amp#27;[39m Waiting up to 30000 ms for condition
[debug] &amp#27;[35m[WD Proxy]&amp#27;[39m Matched '/element' to command name 'findElement'
[debug] &amp#27;[35m[WD Proxy]&amp#27;[39m Proxying [POST /element] to [POST http://127.0.0.1:8200/wd/hub/session/b9791e08-e950-455d-abb7-57cd25fcf4fd/element] with body: {"strategy":"xpath","selector":"//*[@text='Sign in']","context":"","multiple":false}
[debug] &amp#27;[35m[WD Proxy]&amp#27;[39m Got response with status 200: {"sessionId":"b9791e08-e950-455d-abb7-57cd25fcf4fd","value":{"ELEMENT":"14e71fb7-142c-436d-801c-45cc477cbc0b","element-6066-11e4-a52e-4f735466cecf":"14e71fb7-142c-436d-801c-45cc477cbc0b"}}
[debug] &amp#27;[35m[W3C (5d4d029e)]&amp#27;[39m Responding to client with driver.findElement() result: {"element-6066-11e4-a52e-4f735466cecf":"14e71fb7-142c-436d-801c-45cc477cbc0b","ELEMENT":"14e71fb7-142c-436d-801c-45cc477cbc0b"}
&amp#27;[35m[HTTP]&amp#27;[39m &amp#27;[37m<-- POST /wd/hub/session/5d4d029e-608c-4025-b328-68d749c43761/element &amp#27;[39m&amp#27;[32m200&amp#27;[39m &amp#27;[90m286 ms - 137&amp#27;[39m
&amp#27;[35m[HTTP]&amp#27;[39m &amp#27;[90m&amp#27;[39m
&amp#27;[35m[HTTP]&amp#27;[39m &amp#27;[37m-->&amp#27;[39m &amp#27;[37mPOST&amp#27;[39m &amp#27;[37m/wd/hub/session/5d4d029e-608c-4025-b328-68d749c43761/element/14e71fb7-142c-436d-801c-45cc477cbc0b/click&amp#27;[39m
&amp#27;[35m[HTTP]&amp#27;[39m &amp#27;[90m{"id":"14e71fb7-142c-436d-801c-45cc477cbc0b"}&amp#27;[39m
[debug] &amp#27;[35m[W3C (5d4d029e)]&amp#27;[39m Calling AppiumDriver.click() with args: ["14e71fb7-142c-436d-801c-45cc477cbc0b","5d4d029e-608c-4025-b328-68d749c43761"]
[debug] &amp#27;[35m[WD Proxy]&amp#27;[39m Matched '/element/14e71fb7-142c-436d-801c-45cc477cbc0b/click' to command name 'click'
[debug] &amp#27;[35m[WD Proxy]&amp#27;[39m Proxying [POST /element/14e71fb7-142c-436d-801c-45cc477cbc0b/click] to [POST http://127.0.0.1:8200/wd/hub/session/b9791e08-e950-455d-abb7-57cd25fcf4fd/element/14e71fb7-142c-436d-801c-45cc477cbc0b/click] with body: {"element":"14e71fb7-142c-436d-801c-45cc477cbc0b"}
[debug] &amp#27;[35m[WD Proxy]&amp#27;[39m Got response with status 200: {"sessionId":"b9791e08-e950-455d-abb7-57cd25fcf4fd","value":null}
[debug] &amp#27;[35m[W3C (5d4d029e)]&amp#27;[39m Responding to client with driver.click() result: null
&amp#27;[35m[HTTP]&amp#27;[39m &amp#27;[37m<-- POST /wd/hub/session/5d4d029e-608c-4025-b328-68d749c43761/element/14e71fb7-142c-436d-801c-45cc477cbc0b/click &amp#27;[39m&amp#27;[32m200&amp#27;[39m &amp#27;[90m32 ms - 14&amp#27;[39m
&amp#27;[35m[HTTP]&amp#27;[39m &amp#27;[90m&amp#27;[39m
&amp#27;[35m[HTTP]&amp#27;[39m &amp#27;[37m-->&amp#27;[39m &amp#27;[37mPOST&amp#27;[39m &amp#27;[37m/wd/hub/session/5d4d029e-608c-4025-b328-68d749c43761/element&amp#27;[39m
&amp#27;[35m[HTTP]&amp#27;[39m &amp#27;[90m{"using":"xpath","value":"//*[@content-desc='Sign up with email']"}&amp#27;[39m
[debug] &amp#27;[35m[W3C (5d4d029e)]&amp#27;[39m Calling AppiumDriver.findElement() with args: ["xpath","//*[@content-desc='Sign up with email']","5d4d029e-608c-4025-b328-68d749c43761"]
[debug] &amp#27;[35m[BaseDriver]&amp#27;[39m Valid locator strategies for this request: xpath, id, class name, accessibility id, -android uiautomator
[debug] &amp#27;[35m[BaseDriver]&amp#27;[39m Waiting up to 30000 ms for condition
[debug] &amp#27;[35m[WD Proxy]&amp#27;[39m Matched '/element' to command name 'findElement'
[debug] &amp#27;[35m[WD Proxy]&amp#27;[39m Proxying [POST /element] to [POST http://127.0.0.1:8200/wd/hub/session/b9791e08-e950-455d-abb7-57cd25fcf4fd/element] with body: {"strategy":"xpath","selector":"//*[@content-desc='Sign up with email']","context":"","multiple":false}
&amp#27;[35m[WD Proxy]&amp#27;[39m Got response with status 404: {"sessionId":"b9791e08-e950-455d-abb7-57cd25fcf4fd","value":{"error":"no such element","message":"An element could not be located on the page using the given search parameters","stacktrace":"io.appium.uiautomator2.common.exceptions.ElementNotFoundException: An element could not be located on the page using the given search parameters\n\tat io.appium.uiautomator2.handler.FindElement.findElement(FindElement.java:102)\n\tat io.appium.uiautomator2.handler.FindElement.safeHandle(FindElement.java:72)\n\tat io.appium.uiautomator2.handler.request.SafeRequestHandler.handle(SafeRequestHandler.java:38)\n\tat io.appium.uiautomator2.server.AppiumServlet.handleRequest(AppiumServlet.java:252)\n\tat io.appium.uiautomator2.server.AppiumServlet.handleHttpRequest(AppiumServlet.java:242)\n\tat io.appium.uiautomator2.http.ServerHandler.channelRead(ServerHandler.java:51)\n\tat io.netty.channel.AbstractChannelHandlerContext.invokeChannelRead(AbstractChannelHandlerContext.java:366)\n\tat io.netty.channel.AbstractChannelHandlerCon...
[debug] &amp#27;[35m[W3C]&amp#27;[39m Matched W3C error code 'no such element' to NoSuchElementError
[debug] &amp#27;[35m[BaseDriver]&amp#27;[39m Waited for 124 ms so far
[debug] &amp#27;[35m[WD Proxy]&amp#27;[39m Matched '/element' to command name 'findElement'
[debug] &amp#27;[35m[WD Proxy]&amp#27;[39m Proxying [POST /element] to [POST http://127.0.0.1:8200/wd/hub/session/b9791e08-e950-455d-abb7-57cd25fcf4fd/element] with body: {"strategy":"xpath","selector":"//*[@content-desc='Sign up with email']","context":"","multiple":false}
[debug] &amp#27;[35m[WD Proxy]&amp#27;[39m Got response with status 200: {"sessionId":"b9791e08-e950-455d-abb7-57cd25fcf4fd","value":{"ELEMENT":"17d54f33-026a-4920-95bf-cf5e860de6cf","element-6066-11e4-a52e-4f735466cecf":"17d54f33-026a-4920-95bf-cf5e860de6cf"}}
[debug] &amp#27;[35m[W3C (5d4d029e)]&amp#27;[39m Responding to client with driver.findElement() result: {"element-6066-11e4-a52e-4f735466cecf":"17d54f33-026a-4920-95bf-cf5e860de6cf","ELEMENT":"17d54f33-026a-4920-95bf-cf5e860de6cf"}
&amp#27;[35m[HTTP]&amp#27;[39m &amp#27;[37m<-- POST /wd/hub/session/5d4d029e-608c-4025-b328-68d749c43761/element &amp#27;[39m&amp#27;[32m200&amp#27;[39m &amp#27;[90m803 ms - 137&amp#27;[39m
&amp#27;[35m[HTTP]&amp#27;[39m &amp#27;[90m&amp#27;[39m
&amp#27;[35m[HTTP]&amp#27;[39m &amp#27;[37m-->&amp#27;[39m &amp#27;[37mPOST&amp#27;[39m &amp#27;[37m/wd/hub/session/5d4d029e-608c-4025-b328-68d749c43761/element/17d54f33-026a-4920-95bf-cf5e860de6cf/click&amp#27;[39m
&amp#27;[35m[HTTP]&amp#27;[39m &amp#27;[90m{"id":"17d54f33-026a-4920-95bf-cf5e860de6cf"}&amp#27;[39m
[debug] &amp#27;[35m[W3C (5d4d029e)]&amp#27;[39m Calling AppiumDriver.click() with args: ["17d54f33-026a-4920-95bf-cf5e860de6cf","5d4d029e-608c-4025-b328-68d749c43761"]
[debug] &amp#27;[35m[WD Proxy]&amp#27;[39m Matched '/element/17d54f33-026a-4920-95bf-cf5e860de6cf/click' to command name 'click'
[debug] &amp#27;[35m[WD Proxy]&amp#27;[39m Proxying [POST /element/17d54f33-026a-4920-95bf-cf5e860de6cf/click] to [POST http://127.0.0.1:8200/wd/hub/session/b9791e08-e950-455d-abb7-57cd25fcf4fd/element/17d54f33-026a-4920-95bf-cf5e860de6cf/click] with body: {"element":"17d54f33-026a-4920-95bf-cf5e860de6cf"}
[debug] &amp#27;[35m[WD Proxy]&amp#27;[39m Got response with status 200: {"sessionId":"b9791e08-e950-455d-abb7-57cd25fcf4fd","value":null}
[debug] &amp#27;[35m[W3C (5d4d029e)]&amp#27;[39m Responding to client with driver.click() result: null
&amp#27;[35m[HTTP]&amp#27;[39m &amp#27;[37m<-- POST /wd/hub/session/5d4d029e-608c-4025-b328-68d749c43761/element/17d54f33-026a-4920-95bf-cf5e860de6cf/click &amp#27;[39m&amp#27;[32m200&amp#27;[39m &amp#27;[90m19 ms - 14&amp#27;[39m
&amp#27;[35m[HTTP]&amp#27;[39m &amp#27;[90m&amp#27;[39m
&amp#27;[35m[HTTP]&amp#27;[39m &amp#27;[37m-->&amp#27;[39m &amp#27;[37mPOST&amp#27;[39m &amp#27;[37m/wd/hub/session/5d4d029e-608c-4025-b328-68d749c43761/element&amp#27;[39m
&amp#27;[35m[HTTP]&amp#27;[39m &amp#27;[90m{"using":"accessibility id","value":"First name"}&amp#27;[39m
[debug] &amp#27;[35m[W3C (5d4d029e)]&amp#27;[39m Calling AppiumDriver.findElement() with args: ["accessibility id","First name","5d4d029e-608c-4025-b328-68d749c43761"]
[debug] &amp#27;[35m[BaseDriver]&amp#27;[39m Valid locator strategies for this request: xpath, id, class name, accessibility id, -android uiautomator
[debug] &amp#27;[35m[BaseDriver]&amp#27;[39m Waiting up to 30000 ms for condition
[debug] &amp#27;[35m[WD Proxy]&amp#27;[39m Matched '/element' to command name 'findElement'
[debug] &amp#27;[35m[WD Proxy]&amp#27;[39m Proxying [POST /element] to [POST http://127.0.0.1:8200/wd/hub/session/b9791e08-e950-455d-abb7-57cd25fcf4fd/element] with body: {"strategy":"accessibility id","selector":"First name","context":"","multiple":false}
&amp#27;[35m[WD Proxy]&amp#27;[39m Got response with status 404: {"sessionId":"b9791e08-e950-455d-abb7-57cd25fcf4fd","value":{"error":"no such element","message":"An element could not be located on the page using the given search parameters","stacktrace":"io.appium.uiautomator2.common.exceptions.ElementNotFoundException: An element could not be located on the page using the given search parameters\n\tat io.appium.uiautomator2.handler.FindElement.safeHandle(FindElement.java:78)\n\tat io.appium.uiautomator2.handler.request.SafeRequestHandler.handle(SafeRequestHandler.java:38)\n\tat io.appium.uiautomator2.server.AppiumServlet.handleRequest(AppiumServlet.java:252)\n\tat io.appium.uiautomator2.server.AppiumServlet.handleHttpRequest(AppiumServlet.java:242)\n\tat io.appium.uiautomator2.http.ServerHandler.channelRead(ServerHandler.java:51)\n\tat io.netty.channel.AbstractChannelHandlerContext.invokeChannelRead(AbstractChannelHandlerContext.java:366)\n\tat io.netty.channel.AbstractChannelHandlerContext.invokeChannelRead(AbstractChannelHandlerContext.java:352)\n\tat io.netty.chann...
[debug] &amp#27;[35m[W3C]&amp#27;[39m Matched W3C error code 'no such element' to NoSuchElementError
[debug] &amp#27;[35m[BaseDriver]&amp#27;[39m Waited for 48 ms so far
[debug] &amp#27;[35m[WD Proxy]&amp#27;[39m Matched '/element' to command name 'findElement'
[debug] &amp#27;[35m[WD Proxy]&amp#27;[39m Proxying [POST /element] to [POST http://127.0.0.1:8200/wd/hub/session/b9791e08-e950-455d-abb7-57cd25fcf4fd/element] with body: {"strategy":"accessibility id","selector":"First name","context":"","multiple":false}
[debug] &amp#27;[35m[WD Proxy]&amp#27;[39m Got response with status 200: {"sessionId":"b9791e08-e950-455d-abb7-57cd25fcf4fd","value":{"ELEMENT":"68460435-31f6-4503-8a93-33ecd7d53a21","element-6066-11e4-a52e-4f735466cecf":"68460435-31f6-4503-8a93-33ecd7d53a21"}}
[debug] &amp#27;[35m[W3C (5d4d029e)]&amp#27;[39m Responding to client with driver.findElement() result: {"element-6066-11e4-a52e-4f735466cecf":"68460435-31f6-4503-8a93-33ecd7d53a21","ELEMENT":"68460435-31f6-4503-8a93-33ecd7d53a21"}
&amp#27;[35m[HTTP]&amp#27;[39m &amp#27;[37m<-- POST /wd/hub/session/5d4d029e-608c-4025-b328-68d749c43761/element &amp#27;[39m&amp#27;[32m200&amp#27;[39m &amp#27;[90m665 ms - 137&amp#27;[39m
&amp#27;[35m[HTTP]&amp#27;[39m &amp#27;[90m&amp#27;[39m
&amp#27;[35m[HTTP]&amp#27;[39m &amp#27;[37m-->&amp#27;[39m &amp#27;[37mPOST&amp#27;[39m &amp#27;[37m/wd/hub/session/5d4d029e-608c-4025-b328-68d749c43761/element/68460435-31f6-4503-8a93-33ecd7d53a21/value&amp#27;[39m
&amp#27;[35m[HTTP]&amp#27;[39m &amp#27;[90m{"id":"68460435-31f6-4503-8a93-33ecd7d53a21","text":"shrav1","value":["s","h","r","a","v","1"]}&amp#27;[39m
[debug] &amp#27;[35m[W3C (5d4d029e)]&amp#27;[39m Calling AppiumDriver.setValue() with args: [["s","h","r","a","v","1"],"68460435-31f6-4503-8a93-33ecd7d53a21","5d4d029e-608c-4025-b328-68d749c43761"]
[debug] &amp#27;[35m[WD Proxy]&amp#27;[39m Matched '/element/68460435-31f6-4503-8a93-33ecd7d53a21/value' to command name 'setValue'
[debug] &amp#27;[35m[Protocol Converter]&amp#27;[39m Added 'value' property ["s","h","r","a","v","1"] to 'setValue' request body
[debug] &amp#27;[35m[WD Proxy]&amp#27;[39m Proxying [POST /element/68460435-31f6-4503-8a93-33ecd7d53a21/value] to [POST http://127.0.0.1:8200/wd/hub/session/b9791e08-e950-455d-abb7-57cd25fcf4fd/element/68460435-31f6-4503-8a93-33ecd7d53a21/value] with body: {"elementId":"68460435-31f6-4503-8a93-33ecd7d53a21","text":"shrav1","replace":false,"value":["s","h","r","a","v","1"]}
[debug] &amp#27;[35m[WD Proxy]&amp#27;[39m Got response with status 200: {"sessionId":"b9791e08-e950-455d-abb7-57cd25fcf4fd","value":null}
[debug] &amp#27;[35m[W3C (5d4d029e)]&amp#27;[39m Responding to client with driver.setValue() result: null
&amp#27;[35m[HTTP]&amp#27;[39m &amp#27;[37m<-- POST /wd/hub/session/5d4d029e-608c-4025-b328-68d749c43761/element/68460435-31f6-4503-8a93-33ecd7d53a21/value &amp#27;[39m&amp#27;[32m200&amp#27;[39m &amp#27;[90m534 ms - 14&amp#27;[39m
&amp#27;[35m[HTTP]&amp#27;[39m &amp#27;[90m&amp#27;[39m
&amp#27;[35m[HTTP]&amp#27;[39m &amp#27;[37m-->&amp#27;[39m &amp#27;[37mPOST&amp#27;[39m &amp#27;[37m/wd/hub/session/5d4d029e-608c-4025-b328-68d749c43761/element&amp#27;[39m
&amp#27;[35m[HTTP]&amp#27;[39m &amp#27;[90m{"using":"accessibility id","value":"Last name"}&amp#27;[39m
[debug] &amp#27;[35m[W3C (5d4d029e)]&amp#27;[39m Calling AppiumDriver.findElement() with args: ["accessibility id","Last name","5d4d029e-608c-4025-b328-68d749c43761"]
[debug] &amp#27;[35m[BaseDriver]&amp#27;[39m Valid locator strategies for this request: xpath, id, class name, accessibility id, -android uiautomator
[debug] &amp#27;[35m[BaseDriver]&amp#27;[39m Waiting up to 30000 ms for condition
[debug] &amp#27;[35m[WD Proxy]&amp#27;[39m Matched '/element' to command name 'findElement'
[debug] &amp#27;[35m[WD Proxy]&amp#27;[39m Proxying [POST /element] to [POST http://127.0.0.1:8200/wd/hub/session/b9791e08-e950-455d-abb7-57cd25fcf4fd/element] with body: {"strategy":"accessibility id","selector":"Last name","context":"","multiple":false}
[debug] &amp#27;[35m[WD Proxy]&amp#27;[39m Got response with status 200: {"sessionId":"b9791e08-e950-455d-abb7-57cd25fcf4fd","value":{"ELEMENT":"404bac08-be22-4bfe-9d41-90760d253d0e","element-6066-11e4-a52e-4f735466cecf":"404bac08-be22-4bfe-9d41-90760d253d0e"}}
[debug] &amp#27;[35m[W3C (5d4d029e)]&amp#27;[39m Responding to client with driver.findElement() result: {"element-6066-11e4-a52e-4f735466cecf":"404bac08-be22-4bfe-9d41-90760d253d0e","ELEMENT":"404bac08-be22-4bfe-9d41-90760d253d0e"}
&amp#27;[35m[HTTP]&amp#27;[39m &amp#27;[37m<-- POST /wd/hub/session/5d4d029e-608c-4025-b328-68d749c43761/element &amp#27;[39m&amp#27;[32m200&amp#27;[39m &amp#27;[90m523 ms - 137&amp#27;[39m
&amp#27;[35m[HTTP]&amp#27;[39m &amp#27;[90m&amp#27;[39m
&amp#27;[35m[HTTP]&amp#27;[39m &amp#27;[37m-->&amp#27;[39m &amp#27;[37mPOST&amp#27;[39m &amp#27;[37m/wd/hub/session/5d4d029e-608c-4025-b328-68d749c43761/element/404bac08-be22-4bfe-9d41-90760d253d0e/value&amp#27;[39m
&amp#27;[35m[HTTP]&amp#27;[39m &amp#27;[90m{"id":"404bac08-be22-4bfe-9d41-90760d253d0e","text":"shrav1","value":["s","h","r","a","v","1"]}&amp#27;[39m
[debug] &amp#27;[35m[W3C (5d4d029e)]&amp#27;[39m Calling AppiumDriver.setValue() with args: [["s","h","r","a","v","1"],"404bac08-be22-4bfe-9d41-90760d253d0e","5d4d029e-608c-4025-b328-68d749c43761"]
[debug] &amp#27;[35m[WD Proxy]&amp#27;[39m Matched '/element/404bac08-be22-4bfe-9d41-90760d253d0e/value' to command name 'setValue'
[debug] &amp#27;[35m[Protocol Converter]&amp#27;[39m Added 'value' property ["s","h","r","a","v","1"] to 'setValue' request body
[debug] &amp#27;[35m[WD Proxy]&amp#27;[39m Proxying [POST /element/404bac08-be22-4bfe-9d41-90760d253d0e/value] to [POST http://127.0.0.1:8200/wd/hub/session/b9791e08-e950-455d-abb7-57cd25fcf4fd/element/404bac08-be22-4bfe-9d41-90760d253d0e/value] with body: {"elementId":"404bac08-be22-4bfe-9d41-90760d253d0e","text":"shrav1","replace":false,"value":["s","h","r","a","v","1"]}
[debug] &amp#27;[35m[WD Proxy]&amp#27;[39m Got response with status 200: {"sessionId":"b9791e08-e950-455d-abb7-57cd25fcf4fd","value":null}
[debug] &amp#27;[35m[W3C (5d4d029e)]&amp#27;[39m Responding to client with driver.setValue() result: null
&amp#27;[35m[HTTP]&amp#27;[39m &amp#27;[37m<-- POST /wd/hub/session/5d4d029e-608c-4025-b328-68d749c43761/element/404bac08-be22-4bfe-9d41-90760d253d0e/value &amp#27;[39m&amp#27;[32m200&amp#27;[39m &amp#27;[90m591 ms - 14&amp#27;[39m
&amp#27;[35m[HTTP]&amp#27;[39m &amp#27;[90m&amp#27;[39m
&amp#27;[35m[HTTP]&amp#27;[39m &amp#27;[37m-->&amp#27;[39m &amp#27;[37mPOST&amp#27;[39m &amp#27;[37m/wd/hub/session/5d4d029e-608c-4025-b328-68d749c43761/element&amp#27;[39m
&amp#27;[35m[HTTP]&amp#27;[39m &amp#27;[90m{"using":"xpath","value":"//*[@content-desc='Birthday']"}&amp#27;[39m
[debug] &amp#27;[35m[W3C (5d4d029e)]&amp#27;[39m Calling AppiumDriver.findElement() with args: ["xpath","//*[@content-desc='Birthday']","5d4d029e-608c-4025-b328-68d749c43761"]
[debug] &amp#27;[35m[BaseDriver]&amp#27;[39m Valid locator strategies for this request: xpath, id, class name, accessibility id, -android uiautomator
[debug] &amp#27;[35m[BaseDriver]&amp#27;[39m Waiting up to 30000 ms for condition
[debug] &amp#27;[35m[WD Proxy]&amp#27;[39m Matched '/element' to command name 'findElement'
[debug] &amp#27;[35m[WD Proxy]&amp#27;[39m Proxying [POST /element] to [POST http://127.0.0.1:8200/wd/hub/session/b9791e08-e950-455d-abb7-57cd25fcf4fd/element] with body: {"strategy":"xpath","selector":"//*[@content-desc='Birthday']","context":"","multiple":false}
[debug] &amp#27;[35m[WD Proxy]&amp#27;[39m Got response with status 200: {"sessionId":"b9791e08-e950-455d-abb7-57cd25fcf4fd","value":{"ELEMENT":"d2565118-b770-43c0-87de-e77cb9f77cf7","element-6066-11e4-a52e-4f735466cecf":"d2565118-b770-43c0-87de-e77cb9f77cf7"}}
[debug] &amp#27;[35m[W3C (5d4d029e)]&amp#27;[39m Responding to client with driver.findElement() result: {"element-6066-11e4-a52e-4f735466cecf":"d2565118-b770-43c0-87de-e77cb9f77cf7","ELEMENT":"d2565118-b770-43c0-87de-e77cb9f77cf7"}
&amp#27;[35m[HTTP]&amp#27;[39m &amp#27;[37m<-- POST /wd/hub/session/5d4d029e-608c-4025-b328-68d749c43761/element &amp#27;[39m&amp#27;[32m200&amp#27;[39m &amp#27;[90m105 ms - 137&amp#27;[39m
&amp#27;[35m[HTTP]&amp#27;[39m &amp#27;[90m&amp#27;[39m
&amp#27;[35m[HTTP]&amp#27;[39m &amp#27;[37m-->&amp#27;[39m &amp#27;[37mPOST&amp#27;[39m &amp#27;[37m/wd/hub/session/5d4d029e-608c-4025-b328-68d749c43761/element/d2565118-b770-43c0-87de-e77cb9f77cf7/click&amp#27;[39m
&amp#27;[35m[HTTP]&amp#27;[39m &amp#27;[90m{"id":"d2565118-b770-43c0-87de-e77cb9f77cf7"}&amp#27;[39m
[debug] &amp#27;[35m[W3C (5d4d029e)]&amp#27;[39m Calling AppiumDriver.click() with args: ["d2565118-b770-43c0-87de-e77cb9f77cf7","5d4d029e-608c-4025-b328-68d749c43761"]
[debug] &amp#27;[35m[WD Proxy]&amp#27;[39m Matched '/element/d2565118-b770-43c0-87de-e77cb9f77cf7/click' to command name 'click'
[debug] &amp#27;[35m[WD Proxy]&amp#27;[39m Proxying [POST /element/d2565118-b770-43c0-87de-e77cb9f77cf7/click] to [POST http://127.0.0.1:8200/wd/hub/session/b9791e08-e950-455d-abb7-57cd25fcf4fd/element/d2565118-b770-43c0-87de-e77cb9f77cf7/click] with body: {"element":"d2565118-b770-43c0-87de-e77cb9f77cf7"}
[debug] &amp#27;[35m[WD Proxy]&amp#27;[39m Got response with status 200: {"sessionId":"b9791e08-e950-455d-abb7-57cd25fcf4fd","value":null}
[debug] &amp#27;[35m[W3C (5d4d029e)]&amp#27;[39m Responding to client with driver.click() result: null
&amp#27;[35m[HTTP]&amp#27;[39m &amp#27;[37m<-- POST /wd/hub/session/5d4d029e-608c-4025-b328-68d749c43761/element/d2565118-b770-43c0-87de-e77cb9f77cf7/click &amp#27;[39m&amp#27;[32m200&amp#27;[39m &amp#27;[90m391 ms - 14&amp#27;[39m
&amp#27;[35m[HTTP]&amp#27;[39m &amp#27;[90m&amp#27;[39m
&amp#27;[35m[HTTP]&amp#27;[39m &amp#27;[37m-->&amp#27;[39m &amp#27;[37mPOST&amp#27;[39m &amp#27;[37m/wd/hub/session/5d4d029e-608c-4025-b328-68d749c43761/element&amp#27;[39m
&amp#27;[35m[HTTP]&amp#27;[39m &amp#27;[90m{"using":"id","value":"android:id/button1"}&amp#27;[39m
[debug] &amp#27;[35m[W3C (5d4d029e)]&amp#27;[39m Calling AppiumDriver.findElement() with args: ["id","android:id/button1","5d4d029e-608c-4025-b328-68d749c43761"]
[debug] &amp#27;[35m[BaseDriver]&amp#27;[39m Valid locator strategies for this request: xpath, id, class name, accessibility id, -android uiautomator
[debug] &amp#27;[35m[BaseDriver]&amp#27;[39m Waiting up to 30000 ms for condition
[debug] &amp#27;[35m[WD Proxy]&amp#27;[39m Matched '/element' to command name 'findElement'
[debug] &amp#27;[35m[WD Proxy]&amp#27;[39m Proxying [POST /element] to [POST http://127.0.0.1:8200/wd/hub/session/b9791e08-e950-455d-abb7-57cd25fcf4fd/element] with body: {"strategy":"id","selector":"android:id/button1","context":"","multiple":false}
&amp#27;[35m[WD Proxy]&amp#27;[39m Got response with status 404: {"sessionId":"b9791e08-e950-455d-abb7-57cd25fcf4fd","value":{"error":"no such element","message":"An element could not be located on the page using the given search parameters","stacktrace":"io.appium.uiautomator2.common.exceptions.ElementNotFoundException: An element could not be located on the page using the given search parameters\n\tat io.appium.uiautomator2.handler.FindElement.safeHandle(FindElement.java:78)\n\tat io.appium.uiautomator2.handler.request.SafeRequestHandler.handle(SafeRequestHandler.java:38)\n\tat io.appium.uiautomator2.server.AppiumServlet.handleRequest(AppiumServlet.java:252)\n\tat io.appium.uiautomator2.server.AppiumServlet.handleHttpRequest(AppiumServlet.java:242)\n\tat io.appium.uiautomator2.http.ServerHandler.channelRead(ServerHandler.java:51)\n\tat io.netty.channel.AbstractChannelHandlerContext.invokeChannelRead(AbstractChannelHandlerContext.java:366)\n\tat io.netty.channel.AbstractChannelHandlerContext.invokeChannelRead(AbstractChannelHandlerContext.java:352)\n\tat io.netty.chann...
[debug] &amp#27;[35m[W3C]&amp#27;[39m Matched W3C error code 'no such element' to NoSuchElementError
[debug] &amp#27;[35m[BaseDriver]&amp#27;[39m Waited for 132 ms so far
[debug] &amp#27;[35m[WD Proxy]&amp#27;[39m Matched '/element' to command name 'findElement'
[debug] &amp#27;[35m[WD Proxy]&amp#27;[39m Proxying [POST /element] to [POST http://127.0.0.1:8200/wd/hub/session/b9791e08-e950-455d-abb7-57cd25fcf4fd/element] with body: {"strategy":"id","selector":"android:id/button1","context":"","multiple":false}
[debug] &amp#27;[35m[WD Proxy]&amp#27;[39m Got response with status 200: {"sessionId":"b9791e08-e950-455d-abb7-57cd25fcf4fd","value":{"ELEMENT":"87bc5ff4-8127-4e06-9693-3a1a2181b4fc","element-6066-11e4-a52e-4f735466cecf":"87bc5ff4-8127-4e06-9693-3a1a2181b4fc"}}
[debug] &amp#27;[35m[W3C (5d4d029e)]&amp#27;[39m Responding to client with driver.findElement() result: {"element-6066-11e4-a52e-4f735466cecf":"87bc5ff4-8127-4e06-9693-3a1a2181b4fc","ELEMENT":"87bc5ff4-8127-4e06-9693-3a1a2181b4fc"}
&amp#27;[35m[HTTP]&amp#27;[39m &amp#27;[37m<-- POST /wd/hub/session/5d4d029e-608c-4025-b328-68d749c43761/element &amp#27;[39m&amp#27;[32m200&amp#27;[39m &amp#27;[90m714 ms - 137&amp#27;[39m
&amp#27;[35m[HTTP]&amp#27;[39m &amp#27;[90m&amp#27;[39m
&amp#27;[35m[HTTP]&amp#27;[39m &amp#27;[37m-->&amp#27;[39m &amp#27;[37mPOST&amp#27;[39m &amp#27;[37m/wd/hub/session/5d4d029e-608c-4025-b328-68d749c43761/element/87bc5ff4-8127-4e06-9693-3a1a2181b4fc/click&amp#27;[39m
&amp#27;[35m[HTTP]&amp#27;[39m &amp#27;[90m{"id":"87bc5ff4-8127-4e06-9693-3a1a2181b4fc"}&amp#27;[39m
[debug] &amp#27;[35m[W3C (5d4d029e)]&amp#27;[39m Calling AppiumDriver.click() with args: ["87bc5ff4-8127-4e06-9693-3a1a2181b4fc","5d4d029e-608c-4025-b328-68d749c43761"]
[debug] &amp#27;[35m[WD Proxy]&amp#27;[39m Matched '/element/87bc5ff4-8127-4e06-9693-3a1a2181b4fc/click' to command name 'click'
[debug] &amp#27;[35m[WD Proxy]&amp#27;[39m Proxying [POST /element/87bc5ff4-8127-4e06-9693-3a1a2181b4fc/click] to [POST http://127.0.0.1:8200/wd/hub/session/b9791e08-e950-455d-abb7-57cd25fcf4fd/element/87bc5ff4-8127-4e06-9693-3a1a2181b4fc/click] with body: {"element":"87bc5ff4-8127-4e06-9693-3a1a2181b4fc"}
[debug] &amp#27;[35m[WD Proxy]&amp#27;[39m Got response with status 200: {"sessionId":"b9791e08-e950-455d-abb7-57cd25fcf4fd","value":null}
[debug] &amp#27;[35m[W3C (5d4d029e)]&amp#27;[39m Responding to client with driver.click() result: null
&amp#27;[35m[HTTP]&amp#27;[39m &amp#27;[37m<-- POST /wd/hub/session/5d4d029e-608c-4025-b328-68d749c43761/element/87bc5ff4-8127-4e06-9693-3a1a2181b4fc/click &amp#27;[39m&amp#27;[32m200&amp#27;[39m &amp#27;[90m17 ms - 14&amp#27;[39m
&amp#27;[35m[HTTP]&amp#27;[39m &amp#27;[90m&amp#27;[39m
&amp#27;[35m[HTTP]&amp#27;[39m &amp#27;[37m-->&amp#27;[39m &amp#27;[37mPOST&amp#27;[39m &amp#27;[37m/wd/hub/session/5d4d029e-608c-4025-b328-68d749c43761/element&amp#27;[39m
&amp#27;[35m[HTTP]&amp#27;[39m &amp#27;[90m{"using":"accessibility id","value":"Email address"}&amp#27;[39m
[debug] &amp#27;[35m[W3C (5d4d029e)]&amp#27;[39m Calling AppiumDriver.findElement() with args: ["accessibility id","Email address","5d4d029e-608c-4025-b328-68d749c43761"]
[debug] &amp#27;[35m[BaseDriver]&amp#27;[39m Valid locator strategies for this request: xpath, id, class name, accessibility id, -android uiautomator
[debug] &amp#27;[35m[BaseDriver]&amp#27;[39m Waiting up to 30000 ms for condition
[debug] &amp#27;[35m[WD Proxy]&amp#27;[39m Matched '/element' to command name 'findElement'
[debug] &amp#27;[35m[WD Proxy]&amp#27;[39m Proxying [POST /element] to [POST http://127.0.0.1:8200/wd/hub/session/b9791e08-e950-455d-abb7-57cd25fcf4fd/element] with body: {"strategy":"accessibility id","selector":"Email address","context":"","multiple":false}
[debug] &amp#27;[35m[WD Proxy]&amp#27;[39m Got response with status 200: {"sessionId":"b9791e08-e950-455d-abb7-57cd25fcf4fd","value":{"ELEMENT":"79f968e0-e8fe-4986-a0a8-3a234a477e99","element-6066-11e4-a52e-4f735466cecf":"79f968e0-e8fe-4986-a0a8-3a234a477e99"}}
[debug] &amp#27;[35m[W3C (5d4d029e)]&amp#27;[39m Responding to client with driver.findElement() result: {"element-6066-11e4-a52e-4f735466cecf":"79f968e0-e8fe-4986-a0a8-3a234a477e99","ELEMENT":"79f968e0-e8fe-4986-a0a8-3a234a477e99"}
&amp#27;[35m[HTTP]&amp#27;[39m &amp#27;[37m<-- POST /wd/hub/session/5d4d029e-608c-4025-b328-68d749c43761/element &amp#27;[39m&amp#27;[32m200&amp#27;[39m &amp#27;[90m74 ms - 137&amp#27;[39m
&amp#27;[35m[HTTP]&amp#27;[39m &amp#27;[90m&amp#27;[39m
&amp#27;[35m[HTTP]&amp#27;[39m &amp#27;[37m-->&amp#27;[39m &amp#27;[37mPOST&amp#27;[39m &amp#27;[37m/wd/hub/session/5d4d029e-608c-4025-b328-68d749c43761/element/79f968e0-e8fe-4986-a0a8-3a234a477e99/value&amp#27;[39m
&amp#27;[35m[HTTP]&amp#27;[39m &amp#27;[90m{"id":"79f968e0-e8fe-4986-a0a8-3a234a477e99","text":"shrav1CpR@gmail.com","value":["s","h","r","a","v","1","C","p","R","@","g","m","a","i","l",".","c","o","m"]}&amp#27;[39m
[debug] &amp#27;[35m[W3C (5d4d029e)]&amp#27;[39m Calling AppiumDriver.setValue() with args: [["s","h","r","a","v","1","C","p","R","@","g","m","a","i","l",".","c","o","m"],"79f968e0-e8fe-4986-a0a8-3a234a477e99","5d4d029e-608c-4025-b328-68d749c43761"]
[debug] &amp#27;[35m[WD Proxy]&amp#27;[39m Matched '/element/79f968e0-e8fe-4986-a0a8-3a234a477e99/value' to command name 'setValue'
[debug] &amp#27;[35m[Protocol Converter]&amp#27;[39m Added 'value' property ["s","h","r","a","v","1","C","p","R","@","g","m","a","i","l",".","c","o","m"] to 'setValue' request body
[debug] &amp#27;[35m[WD Proxy]&amp#27;[39m Proxying [POST /element/79f968e0-e8fe-4986-a0a8-3a234a477e99/value] to [POST http://127.0.0.1:8200/wd/hub/session/b9791e08-e950-455d-abb7-57cd25fcf4fd/element/79f968e0-e8fe-4986-a0a8-3a234a477e99/value] with body: {"elementId":"79f968e0-e8fe-4986-a0a8-3a234a477e99","text":"shrav1CpR@gmail.com","replace":false,"value":["s","h","r","a","v","1","C","p","R","@","g","m","a","i","l",".","c","o","m"]}
[debug] &amp#27;[35m[WD Proxy]&amp#27;[39m Got response with status 200: {"sessionId":"b9791e08-e950-455d-abb7-57cd25fcf4fd","value":null}
[debug] &amp#27;[35m[W3C (5d4d029e)]&amp#27;[39m Responding to client with driver.setValue() result: null
&amp#27;[35m[HTTP]&amp#27;[39m &amp#27;[37m<-- POST /wd/hub/session/5d4d029e-608c-4025-b328-68d749c43761/element/79f968e0-e8fe-4986-a0a8-3a234a477e99/value &amp#27;[39m&amp#27;[32m200&amp#27;[39m &amp#27;[90m1054 ms - 14&amp#27;[39m
&amp#27;[35m[HTTP]&amp#27;[39m &amp#27;[90m&amp#27;[39m
&amp#27;[35m[HTTP]&amp#27;[39m &amp#27;[37m-->&amp#27;[39m &amp#27;[37mPOST&amp#27;[39m &amp#27;[37m/wd/hub/session/5d4d029e-608c-4025-b328-68d749c43761/element&amp#27;[39m
&amp#27;[35m[HTTP]&amp#27;[39m &amp#27;[90m{"using":"accessibility id","value":"Password"}&amp#27;[39m
[debug] &amp#27;[35m[W3C (5d4d029e)]&amp#27;[39m Calling AppiumDriver.findElement() with args: ["accessibility id","Password","5d4d029e-608c-4025-b328-68d749c43761"]
[debug] &amp#27;[35m[BaseDriver]&amp#27;[39m Valid locator strategies for this request: xpath, id, class name, accessibility id, -android uiautomator
[debug] &amp#27;[35m[BaseDriver]&amp#27;[39m Waiting up to 30000 ms for condition
[debug] &amp#27;[35m[WD Proxy]&amp#27;[39m Matched '/element' to command name 'findElement'
[debug] &amp#27;[35m[WD Proxy]&amp#27;[39m Proxying [POST /element] to [POST http://127.0.0.1:8200/wd/hub/session/b9791e08-e950-455d-abb7-57cd25fcf4fd/element] with body: {"strategy":"accessibility id","selector":"Password","context":"","multiple":false}
[debug] &amp#27;[35m[WD Proxy]&amp#27;[39m Got response with status 200: {"sessionId":"b9791e08-e950-455d-abb7-57cd25fcf4fd","value":{"ELEMENT":"9c37f2f7-59d7-42e3-9fd7-001294ad53ce","element-6066-11e4-a52e-4f735466cecf":"9c37f2f7-59d7-42e3-9fd7-001294ad53ce"}}
[debug] &amp#27;[35m[W3C (5d4d029e)]&amp#27;[39m Responding to client with driver.findElement() result: {"element-6066-11e4-a52e-4f735466cecf":"9c37f2f7-59d7-42e3-9fd7-001294ad53ce","ELEMENT":"9c37f2f7-59d7-42e3-9fd7-001294ad53ce"}
&amp#27;[35m[HTTP]&amp#27;[39m &amp#27;[37m<-- POST /wd/hub/session/5d4d029e-608c-4025-b328-68d749c43761/element &amp#27;[39m&amp#27;[32m200&amp#27;[39m &amp#27;[90m505 ms - 137&amp#27;[39m
&amp#27;[35m[HTTP]&amp#27;[39m &amp#27;[90m&amp#27;[39m
&amp#27;[35m[HTTP]&amp#27;[39m &amp#27;[37m-->&amp#27;[39m &amp#27;[37mPOST&amp#27;[39m &amp#27;[37m/wd/hub/session/5d4d029e-608c-4025-b328-68d749c43761/element/9c37f2f7-59d7-42e3-9fd7-001294ad53ce/value&amp#27;[39m
&amp#27;[35m[HTTP]&amp#27;[39m &amp#27;[90m{"id":"9c37f2f7-59d7-42e3-9fd7-001294ad53ce","text":"shrav@1234","value":["s","h","r","a","v","@","1","2","3","4"]}&amp#27;[39m
[debug] &amp#27;[35m[W3C (5d4d029e)]&amp#27;[39m Calling AppiumDriver.setValue() with args: [["s","h","r","a","v","@","1","2","3","4"],"9c37f2f7-59d7-42e3-9fd7-001294ad53ce","5d4d029e-608c-4025-b328-68d749c43761"]
[debug] &amp#27;[35m[WD Proxy]&amp#27;[39m Matched '/element/9c37f2f7-59d7-42e3-9fd7-001294ad53ce/value' to command name 'setValue'
[debug] &amp#27;[35m[Protocol Converter]&amp#27;[39m Added 'value' property ["s","h","r","a","v","@","1","2","3","4"] to 'setValue' request body
[debug] &amp#27;[35m[WD Proxy]&amp#27;[39m Proxying [POST /element/9c37f2f7-59d7-42e3-9fd7-001294ad53ce/value] to [POST http://127.0.0.1:8200/wd/hub/session/b9791e08-e950-455d-abb7-57cd25fcf4fd/element/9c37f2f7-59d7-42e3-9fd7-001294ad53ce/value] with body: {"elementId":"9c37f2f7-59d7-42e3-9fd7-001294ad53ce","text":"shrav@1234","replace":false,"value":["s","h","r","a","v","@","1","2","3","4"]}
[debug] &amp#27;[35m[WD Proxy]&amp#27;[39m Got response with status 200: {"sessionId":"b9791e08-e950-455d-abb7-57cd25fcf4fd","value":null}
[debug] &amp#27;[35m[W3C (5d4d029e)]&amp#27;[39m Responding to client with driver.setValue() result: null
&amp#27;[35m[HTTP]&amp#27;[39m &amp#27;[37m<-- POST /wd/hub/session/5d4d029e-608c-4025-b328-68d749c43761/element/9c37f2f7-59d7-42e3-9fd7-001294ad53ce/value &amp#27;[39m&amp#27;[32m200&amp#27;[39m &amp#27;[90m527 ms - 14&amp#27;[39m
&amp#27;[35m[HTTP]&amp#27;[39m &amp#27;[90m&amp#27;[39m
&amp#27;[35m[HTTP]&amp#27;[39m &amp#27;[37m-->&amp#27;[39m &amp#27;[37mPOST&amp#27;[39m &amp#27;[37m/wd/hub/session/5d4d029e-608c-4025-b328-68d749c43761/element&amp#27;[39m
&amp#27;[35m[HTTP]&amp#27;[39m &amp#27;[90m{"using":"xpath","value":"//*[@text='CREATE']"}&amp#27;[39m
[debug] &amp#27;[35m[W3C (5d4d029e)]&amp#27;[39m Calling AppiumDriver.findElement() with args: ["xpath","//*[@text='CREATE']","5d4d029e-608c-4025-b328-68d749c43761"]
[debug] &amp#27;[35m[BaseDriver]&amp#27;[39m Valid locator strategies for this request: xpath, id, class name, accessibility id, -android uiautomator
[debug] &amp#27;[35m[BaseDriver]&amp#27;[39m Waiting up to 30000 ms for condition
[debug] &amp#27;[35m[WD Proxy]&amp#27;[39m Matched '/element' to command name 'findElement'
[debug] &amp#27;[35m[WD Proxy]&amp#27;[39m Proxying [POST /element] to [POST http://127.0.0.1:8200/wd/hub/session/b9791e08-e950-455d-abb7-57cd25fcf4fd/element] with body: {"strategy":"xpath","selector":"//*[@text='CREATE']","context":"","multiple":false}
[debug] &amp#27;[35m[WD Proxy]&amp#27;[39m Got response with status 200: {"sessionId":"b9791e08-e950-455d-abb7-57cd25fcf4fd","value":{"ELEMENT":"b350e51f-728a-4435-969d-daa08b34828f","element-6066-11e4-a52e-4f735466cecf":"b350e51f-728a-4435-969d-daa08b34828f"}}
[debug] &amp#27;[35m[W3C (5d4d029e)]&amp#27;[39m Responding to client with driver.findElement() result: {"element-6066-11e4-a52e-4f735466cecf":"b350e51f-728a-4435-969d-daa08b34828f","ELEMENT":"b350e51f-728a-4435-969d-daa08b34828f"}
&amp#27;[35m[HTTP]&amp#27;[39m &amp#27;[37m<-- POST /wd/hub/session/5d4d029e-608c-4025-b328-68d749c43761/element &amp#27;[39m&amp#27;[32m200&amp#27;[39m &amp#27;[90m615 ms - 137&amp#27;[39m
&amp#27;[35m[HTTP]&amp#27;[39m &amp#27;[90m&amp#27;[39m
&amp#27;[35m[HTTP]&amp#27;[39m &amp#27;[37m-->&amp#27;[39m &amp#27;[37mPOST&amp#27;[39m &amp#27;[37m/wd/hub/session/5d4d029e-608c-4025-b328-68d749c43761/element/b350e51f-728a-4435-969d-daa08b34828f/click&amp#27;[39m
&amp#27;[35m[HTTP]&amp#27;[39m &amp#27;[90m{"id":"b350e51f-728a-4435-969d-daa08b34828f"}&amp#27;[39m
[debug] &amp#27;[35m[W3C (5d4d029e)]&amp#27;[39m Calling AppiumDriver.click() with args: ["b350e51f-728a-4435-969d-daa08b34828f","5d4d029e-608c-4025-b328-68d749c43761"]
[debug] &amp#27;[35m[WD Proxy]&amp#27;[39m Matched '/element/b350e51f-728a-4435-969d-daa08b34828f/click' to command name 'click'
[debug] &amp#27;[35m[WD Proxy]&amp#27;[39m Proxying [POST /element/b350e51f-728a-4435-969d-daa08b34828f/click] to [POST http://127.0.0.1:8200/wd/hub/session/b9791e08-e950-455d-abb7-57cd25fcf4fd/element/b350e51f-728a-4435-969d-daa08b34828f/click] with body: {"element":"b350e51f-728a-4435-969d-daa08b34828f"}
[debug] &amp#27;[35m[WD Proxy]&amp#27;[39m Got response with status 200: {"sessionId":"b9791e08-e950-455d-abb7-57cd25fcf4fd","value":null}
[debug] &amp#27;[35m[W3C (5d4d029e)]&amp#27;[39m Responding to client with driver.click() result: null
&amp#27;[35m[HTTP]&amp#27;[39m &amp#27;[37m<-- POST /wd/hub/session/5d4d029e-608c-4025-b328-68d749c43761/element/b350e51f-728a-4435-969d-daa08b34828f/click &amp#27;[39m&amp#27;[32m200&amp#27;[39m &amp#27;[90m19 ms - 14&amp#27;[39m
&amp#27;[35m[HTTP]&amp#27;[39m &amp#27;[90m&amp#27;[39m
User Login Created
&amp#27;[35m[HTTP]&amp#27;[39m &amp#27;[37m-->&amp#27;[39m &amp#27;[37mPOST&amp#27;[39m &amp#27;[37m/wd/hub/session/5d4d029e-608c-4025-b328-68d749c43761/element&amp#27;[39m
&amp#27;[35m[HTTP]&amp#27;[39m &amp#27;[90m{"using":"xpath","value":"//*[@content-desc='Settings']"}&amp#27;[39m
[debug] &amp#27;[35m[W3C (5d4d029e)]&amp#27;[39m Calling AppiumDriver.findElement() with args: ["xpath","//*[@content-desc='Settings']","5d4d029e-608c-4025-b328-68d749c43761"]
[debug] &amp#27;[35m[BaseDriver]&amp#27;[39m Valid locator strategies for this request: xpath, id, class name, accessibility id, -android uiautomator
[debug] &amp#27;[35m[BaseDriver]&amp#27;[39m Waiting up to 30000 ms for condition
[debug] &amp#27;[35m[WD Proxy]&amp#27;[39m Matched '/element' to command name 'findElement'
[debug] &amp#27;[35m[WD Proxy]&amp#27;[39m Proxying [POST /element] to [POST http://127.0.0.1:8200/wd/hub/session/b9791e08-e950-455d-abb7-57cd25fcf4fd/element] with body: {"strategy":"xpath","selector":"//*[@content-desc='Settings']","context":"","multiple":false}
[debug] &amp#27;[35m[WD Proxy]&amp#27;[39m Got response with status 200: {"sessionId":"b9791e08-e950-455d-abb7-57cd25fcf4fd","value":{"ELEMENT":"3f4d6758-dc20-4955-af8d-339093e15bd6","element-6066-11e4-a52e-4f735466cecf":"3f4d6758-dc20-4955-af8d-339093e15bd6"}}
[debug] &amp#27;[35m[W3C (5d4d029e)]&amp#27;[39m Responding to client with driver.findElement() result: {"element-6066-11e4-a52e-4f735466cecf":"3f4d6758-dc20-4955-af8d-339093e15bd6","ELEMENT":"3f4d6758-dc20-4955-af8d-339093e15bd6"}
&amp#27;[35m[HTTP]&amp#27;[39m &amp#27;[37m<-- POST /wd/hub/session/5d4d029e-608c-4025-b328-68d749c43761/element &amp#27;[39m&amp#27;[32m200&amp#27;[39m &amp#27;[90m214 ms - 137&amp#27;[39m
&amp#27;[35m[HTTP]&amp#27;[39m &amp#27;[90m&amp#27;[39m
&amp#27;[35m[HTTP]&amp#27;[39m &amp#27;[37m-->&amp#27;[39m &amp#27;[37mPOST&amp#27;[39m &amp#27;[37m/wd/hub/session/5d4d029e-608c-4025-b328-68d749c43761/element/3f4d6758-dc20-4955-af8d-339093e15bd6/click&amp#27;[39m
&amp#27;[35m[HTTP]&amp#27;[39m &amp#27;[90m{"id":"3f4d6758-dc20-4955-af8d-339093e15bd6"}&amp#27;[39m
[debug] &amp#27;[35m[W3C (5d4d029e)]&amp#27;[39m Calling AppiumDriver.click() with args: ["3f4d6758-dc20-4955-af8d-339093e15bd6","5d4d029e-608c-4025-b328-68d749c43761"]
[debug] &amp#27;[35m[WD Proxy]&amp#27;[39m Matched '/element/3f4d6758-dc20-4955-af8d-339093e15bd6/click' to command name 'click'
[debug] &amp#27;[35m[WD Proxy]&amp#27;[39m Proxying [POST /element/3f4d6758-dc20-4955-af8d-339093e15bd6/click] to [POST http://127.0.0.1:8200/wd/hub/session/b9791e08-e950-455d-abb7-57cd25fcf4fd/element/3f4d6758-dc20-4955-af8d-339093e15bd6/click] with body: {"element":"3f4d6758-dc20-4955-af8d-339093e15bd6"}
[debug] &amp#27;[35m[WD Proxy]&amp#27;[39m Got response with status 200: {"sessionId":"b9791e08-e950-455d-abb7-57cd25fcf4fd","value":null}
[debug] &amp#27;[35m[W3C (5d4d029e)]&amp#27;[39m Responding to client with driver.click() result: null
&amp#27;[35m[HTTP]&amp#27;[39m &amp#27;[37m<-- POST /wd/hub/session/5d4d029e-608c-4025-b328-68d749c43761/element/3f4d6758-dc20-4955-af8d-339093e15bd6/click &amp#27;[39m&amp#27;[32m200&amp#27;[39m &amp#27;[90m23 ms - 14&amp#27;[39m
&amp#27;[35m[HTTP]&amp#27;[39m &amp#27;[90m&amp#27;[39m
&amp#27;[35m[HTTP]&amp#27;[39m &amp#27;[37m-->&amp#27;[39m &amp#27;[37mPOST&amp#27;[39m &amp#27;[37m/wd/hub/session/5d4d029e-608c-4025-b328-68d749c43761/element&amp#27;[39m
&amp#27;[35m[HTTP]&amp#27;[39m &amp#27;[90m{"using":"xpath","value":"//*[@text='Sign out']"}&amp#27;[39m
[debug] &amp#27;[35m[W3C (5d4d029e)]&amp#27;[39m Calling AppiumDriver.findElement() with args: ["xpath","//*[@text='Sign out']","5d4d029e-608c-4025-b328-68d749c43761"]
[debug] &amp#27;[35m[BaseDriver]&amp#27;[39m Valid locator strategies for this request: xpath, id, class name, accessibility id, -android uiautomator
[debug] &amp#27;[35m[BaseDriver]&amp#27;[39m Waiting up to 30000 ms for condition
[debug] &amp#27;[35m[WD Proxy]&amp#27;[39m Matched '/element' to command name 'findElement'
[debug] &amp#27;[35m[WD Proxy]&amp#27;[39m Proxying [POST /element] to [POST http://127.0.0.1:8200/wd/hub/session/b9791e08-e950-455d-abb7-57cd25fcf4fd/element] with body: {"strategy":"xpath","selector":"//*[@text='Sign out']","context":"","multiple":false}
[debug] &amp#27;[35m[WD Proxy]&amp#27;[39m Got response with status 200: {"sessionId":"b9791e08-e950-455d-abb7-57cd25fcf4fd","value":{"ELEMENT":"83fbe2ef-d0c9-40bb-b060-9b6c8f587836","element-6066-11e4-a52e-4f735466cecf":"83fbe2ef-d0c9-40bb-b060-9b6c8f587836"}}
[debug] &amp#27;[35m[W3C (5d4d029e)]&amp#27;[39m Responding to client with driver.findElement() result: {"element-6066-11e4-a52e-4f735466cecf":"83fbe2ef-d0c9-40bb-b060-9b6c8f587836","ELEMENT":"83fbe2ef-d0c9-40bb-b060-9b6c8f587836"}
&amp#27;[35m[HTTP]&amp#27;[39m &amp#27;[37m<-- POST /wd/hub/session/5d4d029e-608c-4025-b328-68d749c43761/element &amp#27;[39m&amp#27;[32m200&amp#27;[39m &amp#27;[90m389 ms - 137&amp#27;[39m
&amp#27;[35m[HTTP]&amp#27;[39m &amp#27;[90m&amp#27;[39m
&amp#27;[35m[HTTP]&amp#27;[39m &amp#27;[37m-->&amp#27;[39m &amp#27;[37mPOST&amp#27;[39m &amp#27;[37m/wd/hub/session/5d4d029e-608c-4025-b328-68d749c43761/element/83fbe2ef-d0c9-40bb-b060-9b6c8f587836/click&amp#27;[39m
&amp#27;[35m[HTTP]&amp#27;[39m &amp#27;[90m{"id":"83fbe2ef-d0c9-40bb-b060-9b6c8f587836"}&amp#27;[39m
[debug] &amp#27;[35m[W3C (5d4d029e)]&amp#27;[39m Calling AppiumDriver.click() with args: ["83fbe2ef-d0c9-40bb-b060-9b6c8f587836","5d4d029e-608c-4025-b328-68d749c43761"]
[debug] &amp#27;[35m[WD Proxy]&amp#27;[39m Matched '/element/83fbe2ef-d0c9-40bb-b060-9b6c8f587836/click' to command name 'click'
[debug] &amp#27;[35m[WD Proxy]&amp#27;[39m Proxying [POST /element/83fbe2ef-d0c9-40bb-b060-9b6c8f587836/click] to [POST http://127.0.0.1:8200/wd/hub/session/b9791e08-e950-455d-abb7-57cd25fcf4fd/element/83fbe2ef-d0c9-40bb-b060-9b6c8f587836/click] with body: {"element":"83fbe2ef-d0c9-40bb-b060-9b6c8f587836"}
[debug] &amp#27;[35m[WD Proxy]&amp#27;[39m Got response with status 200: {"sessionId":"b9791e08-e950-455d-abb7-57cd25fcf4fd","value":null}
[debug] &amp#27;[35m[W3C (5d4d029e)]&amp#27;[39m Responding to client with driver.click() result: null
&amp#27;[35m[HTTP]&amp#27;[39m &amp#27;[37m<-- POST /wd/hub/session/5d4d029e-608c-4025-b328-68d749c43761/element/83fbe2ef-d0c9-40bb-b060-9b6c8f587836/click &amp#27;[39m&amp#27;[32m200&amp#27;[39m &amp#27;[90m36 ms - 14&amp#27;[39m
&amp#27;[35m[HTTP]&amp#27;[39m &amp#27;[90m&amp#27;[39m
&amp#27;[35m[HTTP]&amp#27;[39m &amp#27;[37m-->&amp#27;[39m &amp#27;[37mPOST&amp#27;[39m &amp#27;[37m/wd/hub/session/5d4d029e-608c-4025-b328-68d749c43761/element&amp#27;[39m
&amp#27;[35m[HTTP]&amp#27;[39m &amp#27;[90m{"using":"id","value":"android:id/button1"}&amp#27;[39m
[debug] &amp#27;[35m[W3C (5d4d029e)]&amp#27;[39m Calling AppiumDriver.findElement() with args: ["id","android:id/button1","5d4d029e-608c-4025-b328-68d749c43761"]
[debug] &amp#27;[35m[BaseDriver]&amp#27;[39m Valid locator strategies for this request: xpath, id, class name, accessibility id, -android uiautomator
[debug] &amp#27;[35m[BaseDriver]&amp#27;[39m Waiting up to 30000 ms for condition
[debug] &amp#27;[35m[WD Proxy]&amp#27;[39m Matched '/element' to command name 'findElement'
[debug] &amp#27;[35m[WD Proxy]&amp#27;[39m Proxying [POST /element] to [POST http://127.0.0.1:8200/wd/hub/session/b9791e08-e950-455d-abb7-57cd25fcf4fd/element] with body: {"strategy":"id","selector":"android:id/button1","context":"","multiple":false}
&amp#27;[35m[WD Proxy]&amp#27;[39m Got response with status 404: {"sessionId":"b9791e08-e950-455d-abb7-57cd25fcf4fd","value":{"error":"no such element","message":"An element could not be located on the page using the given search parameters","stacktrace":"io.appium.uiautomator2.common.exceptions.ElementNotFoundException: An element could not be located on the page using the given search parameters\n\tat io.appium.uiautomator2.handler.FindElement.safeHandle(FindElement.java:78)\n\tat io.appium.uiautomator2.handler.request.SafeRequestHandler.handle(SafeRequestHandler.java:38)\n\tat io.appium.uiautomator2.server.AppiumServlet.handleRequest(AppiumServlet.java:252)\n\tat io.appium.uiautomator2.server.AppiumServlet.handleHttpRequest(AppiumServlet.java:242)\n\tat io.appium.uiautomator2.http.ServerHandler.channelRead(ServerHandler.java:51)\n\tat io.netty.channel.AbstractChannelHandlerContext.invokeChannelRead(AbstractChannelHandlerContext.java:366)\n\tat io.netty.channel.AbstractChannelHandlerContext.invokeChannelRead(AbstractChannelHandlerContext.java:352)\n\tat io.netty.chann...
[debug] &amp#27;[35m[W3C]&amp#27;[39m Matched W3C error code 'no such element' to NoSuchElementError
[debug] &amp#27;[35m[BaseDriver]&amp#27;[39m Waited for 301 ms so far
[debug] &amp#27;[35m[WD Proxy]&amp#27;[39m Matched '/element' to command name 'findElement'
[debug] &amp#27;[35m[WD Proxy]&amp#27;[39m Proxying [POST /element] to [POST http://127.0.0.1:8200/wd/hub/session/b9791e08-e950-455d-abb7-57cd25fcf4fd/element] with body: {"strategy":"id","selector":"android:id/button1","context":"","multiple":false}
[debug] &amp#27;[35m[WD Proxy]&amp#27;[39m Got response with status 200: {"sessionId":"b9791e08-e950-455d-abb7-57cd25fcf4fd","value":{"ELEMENT":"0e047826-c5df-491f-8014-c1e8a5d79124","element-6066-11e4-a52e-4f735466cecf":"0e047826-c5df-491f-8014-c1e8a5d79124"}}
[debug] &amp#27;[35m[W3C (5d4d029e)]&amp#27;[39m Responding to client with driver.findElement() result: {"element-6066-11e4-a52e-4f735466cecf":"0e047826-c5df-491f-8014-c1e8a5d79124","ELEMENT":"0e047826-c5df-491f-8014-c1e8a5d79124"}
&amp#27;[35m[HTTP]&amp#27;[39m &amp#27;[37m<-- POST /wd/hub/session/5d4d029e-608c-4025-b328-68d749c43761/element &amp#27;[39m&amp#27;[32m200&amp#27;[39m &amp#27;[90m864 ms - 137&amp#27;[39m
&amp#27;[35m[HTTP]&amp#27;[39m &amp#27;[90m&amp#27;[39m
&amp#27;[35m[HTTP]&amp#27;[39m &amp#27;[37m-->&amp#27;[39m &amp#27;[37mPOST&amp#27;[39m &amp#27;[37m/wd/hub/session/5d4d029e-608c-4025-b328-68d749c43761/element/0e047826-c5df-491f-8014-c1e8a5d79124/click&amp#27;[39m
&amp#27;[35m[HTTP]&amp#27;[39m &amp#27;[90m{"id":"0e047826-c5df-491f-8014-c1e8a5d79124"}&amp#27;[39m
[debug] &amp#27;[35m[W3C (5d4d029e)]&amp#27;[39m Calling AppiumDriver.click() with args: ["0e047826-c5df-491f-8014-c1e8a5d79124","5d4d029e-608c-4025-b328-68d749c43761"]
[debug] &amp#27;[35m[WD Proxy]&amp#27;[39m Matched '/element/0e047826-c5df-491f-8014-c1e8a5d79124/click' to command name 'click'
[debug] &amp#27;[35m[WD Proxy]&amp#27;[39m Proxying [POST /element/0e047826-c5df-491f-8014-c1e8a5d79124/click] to [POST http://127.0.0.1:8200/wd/hub/session/b9791e08-e950-455d-abb7-57cd25fcf4fd/element/0e047826-c5df-491f-8014-c1e8a5d79124/click] with body: {"element":"0e047826-c5df-491f-8014-c1e8a5d79124"}
[debug] &amp#27;[35m[WD Proxy]&amp#27;[39m Got response with status 200: {"sessionId":"b9791e08-e950-455d-abb7-57cd25fcf4fd","value":null}
[debug] &amp#27;[35m[W3C (5d4d029e)]&amp#27;[39m Responding to client with driver.click() result: null
&amp#27;[35m[HTTP]&amp#27;[39m &amp#27;[37m<-- POST /wd/hub/session/5d4d029e-608c-4025-b328-68d749c43761/element/0e047826-c5df-491f-8014-c1e8a5d79124/click &amp#27;[39m&amp#27;[32m200&amp#27;[39m &amp#27;[90m18 ms - 14&amp#27;[39m
&amp#27;[35m[HTTP]&amp#27;[39m &amp#27;[90m&amp#27;[39m
User Signed Out
&amp#27;[35m[HTTP]&amp#27;[39m &amp#27;[37m-->&amp#27;[39m &amp#27;[37mPOST&amp#27;[39m &amp#27;[37m/wd/hub/session/5d4d029e-608c-4025-b328-68d749c43761/element&amp#27;[39m
&amp#27;[35m[HTTP]&amp#27;[39m &amp#27;[90m{"using":"xpath","value":"//*[@content-desc='Back']"}&amp#27;[39m
[debug] &amp#27;[35m[W3C (5d4d029e)]&amp#27;[39m Calling AppiumDriver.findElement() with args: ["xpath","//*[@content-desc='Back']","5d4d029e-608c-4025-b328-68d749c43761"]
[debug] &amp#27;[35m[BaseDriver]&amp#27;[39m Valid locator strategies for this request: xpath, id, class name, accessibility id, -android uiautomator
[debug] &amp#27;[35m[BaseDriver]&amp#27;[39m Waiting up to 30000 ms for condition
[debug] &amp#27;[35m[WD Proxy]&amp#27;[39m Matched '/element' to command name 'findElement'
[debug] &amp#27;[35m[WD Proxy]&amp#27;[39m Proxying [POST /element] to [POST http://127.0.0.1:8200/wd/hub/session/b9791e08-e950-455d-abb7-57cd25fcf4fd/element] with body: {"strategy":"xpath","selector":"//*[@content-desc='Back']","context":"","multiple":false}
[debug] &amp#27;[35m[WD Proxy]&amp#27;[39m Got response with status 200: {"sessionId":"b9791e08-e950-455d-abb7-57cd25fcf4fd","value":{"ELEMENT":"467e3df1-dcbd-4a82-8fd8-2e2bbccbf6fa","element-6066-11e4-a52e-4f735466cecf":"467e3df1-dcbd-4a82-8fd8-2e2bbccbf6fa"}}
[debug] &amp#27;[35m[W3C (5d4d029e)]&amp#27;[39m Responding to client with driver.findElement() result: {"element-6066-11e4-a52e-4f735466cecf":"467e3df1-dcbd-4a82-8fd8-2e2bbccbf6fa","ELEMENT":"467e3df1-dcbd-4a82-8fd8-2e2bbccbf6fa"}
&amp#27;[35m[HTTP]&amp#27;[39m &amp#27;[37m<-- POST /wd/hub/session/5d4d029e-608c-4025-b328-68d749c43761/element &amp#27;[39m&amp#27;[32m200&amp#27;[39m &amp#27;[90m809 ms - 137&amp#27;[39m
&amp#27;[35m[HTTP]&amp#27;[39m &amp#27;[90m&amp#27;[39m
&amp#27;[35m[HTTP]&amp#27;[39m &amp#27;[37m-->&amp#27;[39m &amp#27;[37mPOST&amp#27;[39m &amp#27;[37m/wd/hub/session/5d4d029e-608c-4025-b328-68d749c43761/element/467e3df1-dcbd-4a82-8fd8-2e2bbccbf6fa/click&amp#27;[39m
&amp#27;[35m[HTTP]&amp#27;[39m &amp#27;[90m{"id":"467e3df1-dcbd-4a82-8fd8-2e2bbccbf6fa"}&amp#27;[39m
[debug] &amp#27;[35m[W3C (5d4d029e)]&amp#27;[39m Calling AppiumDriver.click() with args: ["467e3df1-dcbd-4a82-8fd8-2e2bbccbf6fa","5d4d029e-608c-4025-b328-68d749c43761"]
[debug] &amp#27;[35m[WD Proxy]&amp#27;[39m Matched '/element/467e3df1-dcbd-4a82-8fd8-2e2bbccbf6fa/click' to command name 'click'
[debug] &amp#27;[35m[WD Proxy]&amp#27;[39m Proxying [POST /element/467e3df1-dcbd-4a82-8fd8-2e2bbccbf6fa/click] to [POST http://127.0.0.1:8200/wd/hub/session/b9791e08-e950-455d-abb7-57cd25fcf4fd/element/467e3df1-dcbd-4a82-8fd8-2e2bbccbf6fa/click] with body: {"element":"467e3df1-dcbd-4a82-8fd8-2e2bbccbf6fa"}
[debug] &amp#27;[35m[WD Proxy]&amp#27;[39m Got response with status 200: {"sessionId":"b9791e08-e950-455d-abb7-57cd25fcf4fd","value":null}
[debug] &amp#27;[35m[W3C (5d4d029e)]&amp#27;[39m Responding to client with driver.click() result: null
&amp#27;[35m[HTTP]&amp#27;[39m &amp#27;[37m<-- POST /wd/hub/session/5d4d029e-608c-4025-b328-68d749c43761/element/467e3df1-dcbd-4a82-8fd8-2e2bbccbf6fa/click &amp#27;[39m&amp#27;[32m200&amp#27;[39m &amp#27;[90m364 ms - 14&amp#27;[39m
&amp#27;[35m[HTTP]&amp#27;[39m &amp#27;[90m&amp#27;[39m
&amp#27;[35m[HTTP]&amp#27;[39m &amp#27;[37m-->&amp#27;[39m &amp#27;[37mPOST&amp#27;[39m &amp#27;[37m/wd/hub/session/5d4d029e-608c-4025-b328-68d749c43761/element&amp#27;[39m
&amp#27;[35m[HTTP]&amp#27;[39m &amp#27;[90m{"using":"xpath","value":"//*[@text='Sign in']"}&amp#27;[39m
[debug] &amp#27;[35m[W3C (5d4d029e)]&amp#27;[39m Calling AppiumDriver.findElement() with args: ["xpath","//*[@text='Sign in']","5d4d029e-608c-4025-b328-68d749c43761"]
[debug] &amp#27;[35m[BaseDriver]&amp#27;[39m Valid locator strategies for this request: xpath, id, class name, accessibility id, -android uiautomator
[debug] &amp#27;[35m[BaseDriver]&amp#27;[39m Waiting up to 30000 ms for condition
[debug] &amp#27;[35m[WD Proxy]&amp#27;[39m Matched '/element' to command name 'findElement'
[debug] &amp#27;[35m[WD Proxy]&amp#27;[39m Proxying [POST /element] to [POST http://127.0.0.1:8200/wd/hub/session/b9791e08-e950-455d-abb7-57cd25fcf4fd/element] with body: {"strategy":"xpath","selector":"//*[@text='Sign in']","context":"","multiple":false}
[debug] &amp#27;[35m[WD Proxy]&amp#27;[39m Got response with status 200: {"sessionId":"b9791e08-e950-455d-abb7-57cd25fcf4fd","value":{"ELEMENT":"595d11c0-de98-4d09-9daa-9d8a1ca336e5","element-6066-11e4-a52e-4f735466cecf":"595d11c0-de98-4d09-9daa-9d8a1ca336e5"}}
[debug] &amp#27;[35m[W3C (5d4d029e)]&amp#27;[39m Responding to client with driver.findElement() result: {"element-6066-11e4-a52e-4f735466cecf":"595d11c0-de98-4d09-9daa-9d8a1ca336e5","ELEMENT":"595d11c0-de98-4d09-9daa-9d8a1ca336e5"}
&amp#27;[35m[HTTP]&amp#27;[39m &amp#27;[37m<-- POST /wd/hub/session/5d4d029e-608c-4025-b328-68d749c43761/element &amp#27;[39m&amp#27;[32m200&amp#27;[39m &amp#27;[90m501 ms - 137&amp#27;[39m
&amp#27;[35m[HTTP]&amp#27;[39m &amp#27;[90m&amp#27;[39m
&amp#27;[35m[HTTP]&amp#27;[39m &amp#27;[37m-->&amp#27;[39m &amp#27;[37mPOST&amp#27;[39m &amp#27;[37m/wd/hub/session/5d4d029e-608c-4025-b328-68d749c43761/element/595d11c0-de98-4d09-9daa-9d8a1ca336e5/click&amp#27;[39m
&amp#27;[35m[HTTP]&amp#27;[39m &amp#27;[90m{"id":"595d11c0-de98-4d09-9daa-9d8a1ca336e5"}&amp#27;[39m
[debug] &amp#27;[35m[W3C (5d4d029e)]&amp#27;[39m Calling AppiumDriver.click() with args: ["595d11c0-de98-4d09-9daa-9d8a1ca336e5","5d4d029e-608c-4025-b328-68d749c43761"]
[debug] &amp#27;[35m[WD Proxy]&amp#27;[39m Matched '/element/595d11c0-de98-4d09-9daa-9d8a1ca336e5/click' to command name 'click'
[debug] &amp#27;[35m[WD Proxy]&amp#27;[39m Proxying [POST /element/595d11c0-de98-4d09-9daa-9d8a1ca336e5/click] to [POST http://127.0.0.1:8200/wd/hub/session/b9791e08-e950-455d-abb7-57cd25fcf4fd/element/595d11c0-de98-4d09-9daa-9d8a1ca336e5/click] with body: {"element":"595d11c0-de98-4d09-9daa-9d8a1ca336e5"}
[debug] &amp#27;[35m[WD Proxy]&amp#27;[39m Got response with status 200: {"sessionId":"b9791e08-e950-455d-abb7-57cd25fcf4fd","value":null}
[debug] &amp#27;[35m[W3C (5d4d029e)]&amp#27;[39m Responding to client with driver.click() result: null
&amp#27;[35m[HTTP]&amp#27;[39m &amp#27;[37m<-- POST /wd/hub/session/5d4d029e-608c-4025-b328-68d749c43761/element/595d11c0-de98-4d09-9daa-9d8a1ca336e5/click &amp#27;[39m&amp#27;[32m200&amp#27;[39m &amp#27;[90m21 ms - 14&amp#27;[39m
&amp#27;[35m[HTTP]&amp#27;[39m &amp#27;[90m&amp#27;[39m
&amp#27;[35m[HTTP]&amp#27;[39m &amp#27;[37m-->&amp#27;[39m &amp#27;[37mPOST&amp#27;[39m &amp#27;[37m/wd/hub/session/5d4d029e-608c-4025-b328-68d749c43761/element&amp#27;[39m
&amp#27;[35m[HTTP]&amp#27;[39m &amp#27;[90m{"using":"xpath","value":"//*[@text='Sign in']"}&amp#27;[39m
[debug] &amp#27;[35m[W3C (5d4d029e)]&amp#27;[39m Calling AppiumDriver.findElement() with args: ["xpath","//*[@text='Sign in']","5d4d029e-608c-4025-b328-68d749c43761"]
[debug] &amp#27;[35m[BaseDriver]&amp#27;[39m Valid locator strategies for this request: xpath, id, class name, accessibility id, -android uiautomator
[debug] &amp#27;[35m[BaseDriver]&amp#27;[39m Waiting up to 30000 ms for condition
[debug] &amp#27;[35m[WD Proxy]&amp#27;[39m Matched '/element' to command name 'findElement'
[debug] &amp#27;[35m[WD Proxy]&amp#27;[39m Proxying [POST /element] to [POST http://127.0.0.1:8200/wd/hub/session/b9791e08-e950-455d-abb7-57cd25fcf4fd/element] with body: {"strategy":"xpath","selector":"//*[@text='Sign in']","context":"","multiple":false}
[debug] &amp#27;[35m[WD Proxy]&amp#27;[39m Got response with status 200: {"sessionId":"b9791e08-e950-455d-abb7-57cd25fcf4fd","value":{"ELEMENT":"d19a089e-13af-4ef1-b4f9-a61e5cae63c1","element-6066-11e4-a52e-4f735466cecf":"d19a089e-13af-4ef1-b4f9-a61e5cae63c1"}}
[debug] &amp#27;[35m[W3C (5d4d029e)]&amp#27;[39m Responding to client with driver.findElement() result: {"element-6066-11e4-a52e-4f735466cecf":"d19a089e-13af-4ef1-b4f9-a61e5cae63c1","ELEMENT":"d19a089e-13af-4ef1-b4f9-a61e5cae63c1"}
[...]
&amp#27;[35m[HTTP]&amp#27;[39m &amp#27;[90m&amp#27;[39m
&amp#27;[35m[HTTP]&amp#27;[39m &amp#27;[37m-->&amp#27;[39m &amp#27;[37mPOST&amp#27;[39m &amp#27;[37m/wd/hub/session/5d4d029e-608c-4025-b328-68d749c43761/element&amp#27;[39m
&amp#27;[35m[HTTP]&amp#27;[39m &amp#27;[90m{"using":"xpath","value":"//*[@content-desc='Back']"}&amp#27;[39m
[debug] &amp#27;[35m[W3C (5d4d029e)]&amp#27;[39m Calling AppiumDriver.findElement() with args: ["xpath","//*[@content-desc='Back']","5d4d029e-608c-4025-b328-68d749c43761"]
[debug] &amp#27;[35m[BaseDriver]&amp#27;[39m Valid locator strategies for this request: xpath, id, class name, accessibility id, -android uiautomator
[debug] &amp#27;[35m[BaseDriver]&amp#27;[39m Waiting up to 30000 ms for condition
[debug] &amp#27;[35m[WD Proxy]&amp#27;[39m Matched '/element' to command name 'findElement'
[debug] &amp#27;[35m[WD Proxy]&amp#27;[39m Proxying [POST /element] to [POST http://127.0.0.1:8200/wd/hub/session/b9791e08-e950-455d-abb7-57cd25fcf4fd/element] with body: {"strategy":"xpath","selector":"//*[@content-desc='Back']","context":"","multiple":false}
[debug] &amp#27;[35m[WD Proxy]&amp#27;[39m Got response with status 200: {"sessionId":"b9791e08-e950-455d-abb7-57cd25fcf4fd","value":{"ELEMENT":"caa30c61-721e-4691-a513-e4278d031ce6","element-6066-11e4-a52e-4f735466cecf":"caa30c61-721e-4691-a513-e4278d031ce6"}}
[debug] &amp#27;[35m[W3C (5d4d029e)]&amp#27;[39m Responding to client with driver.findElement() result: {"element-6066-11e4-a52e-4f735466cecf":"caa30c61-721e-4691-a513-e4278d031ce6","ELEMENT":"caa30c61-721e-4691-a513-e4278d031ce6"}
&amp#27;[35m[HTTP]&amp#27;[39m &amp#27;[37m<-- POST /wd/hub/session/5d4d029e-608c-4025-b328-68d749c43761/element &amp#27;[39m&amp#27;[32m200&amp#27;[39m &amp#27;[90m743 ms - 137&amp#27;[39m
&amp#27;[35m[HTTP]&amp#27;[39m &amp#27;[90m&amp#27;[39m
&amp#27;[35m[HTTP]&amp#27;[39m &amp#27;[37m-->&amp#27;[39m &amp#27;[37mPOST&amp#27;[39m &amp#27;[37m/wd/hub/session/5d4d029e-608c-4025-b328-68d749c43761/element/caa30c61-721e-4691-a513-e4278d031ce6/click&amp#27;[39m
&amp#27;[35m[HTTP]&amp#27;[39m &amp#27;[90m{"id":"caa30c61-721e-4691-a513-e4278d031ce6"}&amp#27;[39m
[debug] &amp#27;[35m[W3C (5d4d029e)]&amp#27;[39m Calling AppiumDriver.click() with args: ["caa30c61-721e-4691-a513-e4278d031ce6","5d4d029e-608c-4025-b328-68d749c43761"]
[debug] &amp#27;[35m[WD Proxy]&amp#27;[39m Matched '/element/caa30c61-721e-4691-a513-e4278d031ce6/click' to command name 'click'
[debug] &amp#27;[35m[WD Proxy]&amp#27;[39m Proxying [POST /element/caa30c61-721e-4691-a513-e4278d031ce6/click] to [POST http://127.0.0.1:8200/wd/hub/session/b9791e08-e950-455d-abb7-57cd25fcf4fd/element/caa30c61-721e-4691-a513-e4278d031ce6/click] with body: {"element":"caa30c61-721e-4691-a513-e4278d031ce6"}
[debug] &amp#27;[35m[WD Proxy]&amp#27;[39m Got response with status 200: {"sessionId":"b9791e08-e950-455d-abb7-57cd25fcf4fd","value":null}
[debug] &amp#27;[35m[W3C (5d4d029e)]&amp#27;[39m Responding to client with driver.click() result: null
&amp#27;[35m[HTTP]&amp#27;[39m &amp#27;[37m<-- POST /wd/hub/session/5d4d029e-608c-4025-b328-68d749c43761/element/caa30c61-721e-4691-a513-e4278d031ce6/click &amp#27;[39m&amp#27;[32m200&amp#27;[39m &amp#27;[90m14 ms - 14&amp#27;[39m
&amp#27;[35m[HTTP]&amp#27;[39m &amp#27;[90m&amp#27;[39m
&amp#27;[35m[HTTP]&amp#27;[39m &amp#27;[37m-->&amp#27;[39m &amp#27;[37mPOST&amp#27;[39m &amp#27;[37m/wd/hub/session/5d4d029e-608c-4025-b328-68d749c43761/element&amp#27;[39m
&amp#27;[35m[HTTP]&amp#27;[39m &amp#27;[90m{"using":"xpath","value":"//*[@content-desc='Back']"}&amp#27;[39m
[debug] &amp#27;[35m[W3C (5d4d029e)]&amp#27;[39m Calling AppiumDriver.findElement() with args: ["xpath","//*[@content-desc='Back']","5d4d029e-608c-4025-b328-68d749c43761"]
[debug] &amp#27;[35m[BaseDriver]&amp#27;[39m Valid locator strategies for this request: xpath, id, class name, accessibility id, -android uiautomator
[debug] &amp#27;[35m[BaseDriver]&amp#27;[39m Waiting up to 30000 ms for condition
[debug] &amp#27;[35m[WD Proxy]&amp#27;[39m Matched '/element' to command name 'findElement'
[debug] &amp#27;[35m[WD Proxy]&amp#27;[39m Proxying [POST /element] to [POST http://127.0.0.1:8200/wd/hub/session/b9791e08-e950-455d-abb7-57cd25fcf4fd/element] with body: {"strategy":"xpath","selector":"//*[@content-desc='Back']","context":"","multiple":false}
[debug] &amp#27;[35m[WD Proxy]&amp#27;[39m Got response with status 200: {"sessionId":"b9791e08-e950-455d-abb7-57cd25fcf4fd","value":{"ELEMENT":"fb462b61-cf89-4995-99d9-2ab12364e49c","element-6066-11e4-a52e-4f735466cecf":"fb462b61-cf89-4995-99d9-2ab12364e49c"}}
[debug] &amp#27;[35m[W3C (5d4d029e)]&amp#27;[39m Responding to client with driver.findElement() result: {"element-6066-11e4-a52e-4f735466cecf":"fb462b61-cf89-4995-99d9-2ab12364e49c","ELEMENT":"fb462b61-cf89-4995-99d9-2ab12364e49c"}
&amp#27;[35m[HTTP]&amp#27;[39m &amp#27;[37m<-- POST /wd/hub/session/5d4d029e-608c-4025-b328-68d749c43761/element &amp#27;[39m&amp#27;[32m200&amp#27;[39m &amp#27;[90m240 ms - 137&amp#27;[39m
&amp#27;[35m[HTTP]&amp#27;[39m &amp#27;[90m&amp#27;[39m
&amp#27;[35m[HTTP]&amp#27;[39m &amp#27;[37m-->&amp#27;[39m &amp#27;[37mPOST&amp#27;[39m &amp#27;[37m/wd/hub/session/5d4d029e-608c-4025-b328-68d749c43761/element/fb462b61-cf89-4995-99d9-2ab12364e49c/click&amp#27;[39m
&amp#27;[35m[HTTP]&amp#27;[39m &amp#27;[90m{"id":"fb462b61-cf89-4995-99d9-2ab12364e49c"}&amp#27;[39m
[debug] &amp#27;[35m[W3C (5d4d029e)]&amp#27;[39m Calling AppiumDriver.click() with args: ["fb462b61-cf89-4995-99d9-2ab12364e49c","5d4d029e-608c-4025-b328-68d749c43761"]
[debug] &amp#27;[35m[WD Proxy]&amp#27;[39m Matched '/element/fb462b61-cf89-4995-99d9-2ab12364e49c/click' to command name 'click'
[debug] &amp#27;[35m[WD Proxy]&amp#27;[39m Proxying [POST /element/fb462b61-cf89-4995-99d9-2ab12364e49c/click] to [POST http://127.0.0.1:8200/wd/hub/session/b9791e08-e950-455d-abb7-57cd25fcf4fd/element/fb462b61-cf89-4995-99d9-2ab12364e49c/click] with body: {"element":"fb462b61-cf89-4995-99d9-2ab12364e49c"}
[debug] &amp#27;[35m[WD Proxy]&amp#27;[39m Got response with status 200: {"sessionId":"b9791e08-e950-455d-abb7-57cd25fcf4fd","value":null}
[debug] &amp#27;[35m[W3C (5d4d029e)]&amp#27;[39m Responding to client with driver.click() result: null
&amp#27;[35m[HTTP]&amp#27;[39m &amp#27;[37m<-- POST /wd/hub/session/5d4d029e-608c-4025-b328-68d749c43761/element/fb462b61-cf89-4995-99d9-2ab12364e49c/click &amp#27;[39m&amp#27;[32m200&amp#27;[39m &amp#27;[90m382 ms - 14&amp#27;[39m
&amp#27;[35m[HTTP]&amp#27;[39m &amp#27;[90m&amp#27;[39m
&amp#27;[35m[HTTP]&amp#27;[39m &amp#27;[37m-->&amp#27;[39m &amp#27;[37mPOST&amp#27;[39m &amp#27;[37m/wd/hub/session/5d4d029e-608c-4025-b328-68d749c43761/element&amp#27;[39m
&amp#27;[35m[HTTP]&amp#27;[39m &amp#27;[90m{"using":"xpath","value":"//*[@content-desc='Settings']"}&amp#27;[39m
[debug] &amp#27;[35m[W3C (5d4d029e)]&amp#27;[39m Calling AppiumDriver.findElement() with args: ["xpath","//*[@content-desc='Settings']","5d4d029e-608c-4025-b328-68d749c43761"]
[debug] &amp#27;[35m[BaseDriver]&amp#27;[39m Valid locator strategies for this request: xpath, id, class name, accessibility id, -android uiautomator
[debug] &amp#27;[35m[BaseDriver]&amp#27;[39m Waiting up to 30000 ms for condition
[debug] &amp#27;[35m[WD Proxy]&amp#27;[39m Matched '/element' to command name 'findElement'
[debug] &amp#27;[35m[WD Proxy]&amp#27;[39m Proxying [POST /element] to [POST http://127.0.0.1:8200/wd/hub/session/b9791e08-e950-455d-abb7-57cd25fcf4fd/element] with body: {"strategy":"xpath","selector":"//*[@content-desc='Settings']","context":"","multiple":false}
[debug] &amp#27;[35m[WD Proxy]&amp#27;[39m Got response with status 200: {"sessionId":"b9791e08-e950-455d-abb7-57cd25fcf4fd","value":{"ELEMENT":"8ebbb06c-c794-434d-be20-a981a46130e0","element-6066-11e4-a52e-4f735466cecf":"8ebbb06c-c794-434d-be20-a981a46130e0"}}
[debug] &amp#27;[35m[W3C (5d4d029e)]&amp#27;[39m Responding to client with driver.findElement() result: {"element-6066-11e4-a52e-4f735466cecf":"8ebbb06c-c794-434d-be20-a981a46130e0","ELEMENT":"8ebbb06c-c794-434d-be20-a981a46130e0"}
&amp#27;[35m[HTTP]&amp#27;[39m &amp#27;[37m<-- POST /wd/hub/session/5d4d029e-608c-4025-b328-68d749c43761/element &amp#27;[39m&amp#27;[32m200&amp#27;[39m &amp#27;[90m322 ms - 137&amp#27;[39m
&amp#27;[35m[HTTP]&amp#27;[39m &amp#27;[90m&amp#27;[39m
&amp#27;[35m[HTTP]&amp#27;[39m &amp#27;[37m-->&amp#27;[39m &amp#27;[37mPOST&amp#27;[39m &amp#27;[37m/wd/hub/session/5d4d029e-608c-4025-b328-68d749c43761/element/8ebbb06c-c794-434d-be20-a981a46130e0/click&amp#27;[39m
&amp#27;[35m[HTTP]&amp#27;[39m &amp#27;[90m{"id":"8ebbb06c-c794-434d-be20-a981a46130e0"}&amp#27;[39m
[debug] &amp#27;[35m[W3C (5d4d029e)]&amp#27;[39m Calling AppiumDriver.click() with args: ["8ebbb06c-c794-434d-be20-a981a46130e0","5d4d029e-608c-4025-b328-68d749c43761"]
[debug] &amp#27;[35m[WD Proxy]&amp#27;[39m Matched '/element/8ebbb06c-c794-434d-be20-a981a46130e0/click' to command name 'click'
[debug] &amp#27;[35m[WD Proxy]&amp#27;[39m Proxying [POST /element/8ebbb06c-c794-434d-be20-a981a46130e0/click] to [POST http://127.0.0.1:8200/wd/hub/session/b9791e08-e950-455d-abb7-57cd25fcf4fd/element/8ebbb06c-c794-434d-be20-a981a46130e0/click] with body: {"element":"8ebbb06c-c794-434d-be20-a981a46130e0"}
[debug] &amp#27;[35m[WD Proxy]&amp#27;[39m Got response with status 200: {"sessionId":"b9791e08-e950-455d-abb7-57cd25fcf4fd","value":null}
[debug] &amp#27;[35m[W3C (5d4d029e)]&amp#27;[39m Responding to client with driver.click() result: null
&amp#27;[35m[HTTP]&amp#27;[39m &amp#27;[37m<-- POST /wd/hub/session/5d4d029e-608c-4025-b328-68d749c43761/element/8ebbb06c-c794-434d-be20-a981a46130e0/click &amp#27;[39m&amp#27;[32m200&amp#27;[39m &amp#27;[90m302 ms - 14&amp#27;[39m
&amp#27;[35m[HTTP]&amp#27;[39m &amp#27;[90m&amp#27;[39m
&amp#27;[35m[HTTP]&amp#27;[39m &amp#27;[37m-->&amp#27;[39m &amp#27;[37mPOST&amp#27;[39m &amp#27;[37m/wd/hub/session/5d4d029e-608c-4025-b328-68d749c43761/element&amp#27;[39m
&amp#27;[35m[HTTP]&amp#27;[39m &amp#27;[90m{"using":"xpath","value":"//*[@text='Sign out']"}&amp#27;[39m
[debug] &amp#27;[35m[W3C (5d4d029e)]&amp#27;[39m Calling AppiumDriver.findElement() with args: ["xpath","//*[@text='Sign out']","5d4d029e-608c-4025-b328-68d749c43761"]
[debug] &amp#27;[35m[BaseDriver]&amp#27;[39m Valid locator strategies for this request: xpath, id, class name, accessibility id, -android uiautomator
[debug] &amp#27;[35m[BaseDriver]&amp#27;[39m Waiting up to 30000 ms for condition
[debug] &amp#27;[35m[WD Proxy]&amp#27;[39m Matched '/element' to command name 'findElement'
[debug] &amp#27;[35m[WD Proxy]&amp#27;[39m Proxying [POST /element] to [POST http://127.0.0.1:8200/wd/hub/session/b9791e08-e950-455d-abb7-57cd25fcf4fd/element] with body: {"strategy":"xpath","selector":"//*[@text='Sign out']","context":"","multiple":false}
&amp#27;[35m[WD Proxy]&amp#27;[39m Got response with status 404: {"sessionId":"b9791e08-e950-455d-abb7-57cd25fcf4fd","value":{"error":"no such element","message":"An element could not be located on the page using the given search parameters","stacktrace":"io.appium.uiautomator2.common.exceptions.ElementNotFoundException: An element could not be located on the page using the given search parameters\n\tat io.appium.uiautomator2.handler.FindElement.findElement(FindElement.java:102)\n\tat io.appium.uiautomator2.handler.FindElement.safeHandle(FindElement.java:72)\n\tat io.appium.uiautomator2.handler.request.SafeRequestHandler.handle(SafeRequestHandler.java:38)\n\tat io.appium.uiautomator2.server.AppiumServlet.handleRequest(AppiumServlet.java:252)\n\tat io.appium.uiautomator2.server.AppiumServlet.handleHttpRequest(AppiumServlet.java:242)\n\tat io.appium.uiautomator2.http.ServerHandler.channelRead(ServerHandler.java:51)\n\tat io.netty.channel.AbstractChannelHandlerContext.invokeChannelRead(AbstractChannelHandlerContext.java:366)\n\tat io.netty.channel.AbstractChannelHandlerCon...
[debug] &amp#27;[35m[W3C]&amp#27;[39m Matched W3C error code 'no such element' to NoSuchElementError
[debug] &amp#27;[35m[BaseDriver]&amp#27;[39m Waited for 55 ms so far
[debug] &amp#27;[35m[WD Proxy]&amp#27;[39m Matched '/element' to command name 'findElement'
[debug] &amp#27;[35m[WD Proxy]&amp#27;[39m Proxying [POST /element] to [POST http://127.0.0.1:8200/wd/hub/session/b9791e08-e950-455d-abb7-57cd25fcf4fd/element] with body: {"strategy":"xpath","selector":"//*[@text='Sign out']","context":"","multiple":false}
[debug] &amp#27;[35m[WD Proxy]&amp#27;[39m Got response with status 200: {"sessionId":"b9791e08-e950-455d-abb7-57cd25fcf4fd","value":{"ELEMENT":"352fa868-b432-4fdd-b633-7c07703ab624","element-6066-11e4-a52e-4f735466cecf":"352fa868-b432-4fdd-b633-7c07703ab624"}}
[debug] &amp#27;[35m[W3C (5d4d029e)]&amp#27;[39m Responding to client with driver.findElement() result: {"element-6066-11e4-a52e-4f735466cecf":"352fa868-b432-4fdd-b633-7c07703ab624","ELEMENT":"352fa868-b432-4fdd-b633-7c07703ab624"}
&amp#27;[35m[HTTP]&amp#27;[39m &amp#27;[37m<-- POST /wd/hub/session/5d4d029e-608c-4025-b328-68d749c43761/element &amp#27;[39m&amp#27;[32m200&amp#27;[39m &amp#27;[90m1031 ms - 137&amp#27;[39m
&amp#27;[35m[HTTP]&amp#27;[39m &amp#27;[90m&amp#27;[39m
&amp#27;[35m[HTTP]&amp#27;[39m &amp#27;[37m-->&amp#27;[39m &amp#27;[37mPOST&amp#27;[39m &amp#27;[37m/wd/hub/session/5d4d029e-608c-4025-b328-68d749c43761/element/352fa868-b432-4fdd-b633-7c07703ab624/click&amp#27;[39m
&amp#27;[35m[HTTP]&amp#27;[39m &amp#27;[90m{"id":"352fa868-b432-4fdd-b633-7c07703ab624"}&amp#27;[39m
[debug] &amp#27;[35m[W3C (5d4d029e)]&amp#27;[39m Calling AppiumDriver.click() with args: ["352fa868-b432-4fdd-b633-7c07703ab624","5d4d029e-608c-4025-b328-68d749c43761"]
[debug] &amp#27;[35m[WD Proxy]&amp#27;[39m Matched '/element/352fa868-b432-4fdd-b633-7c07703ab624/click' to command name 'click'
[debug] &amp#27;[35m[WD Proxy]&amp#27;[39m Proxying [POST /element/352fa868-b432-4fdd-b633-7c07703ab624/click] to [POST http://127.0.0.1:8200/wd/hub/session/b9791e08-e950-455d-abb7-57cd25fcf4fd/element/352fa868-b432-4fdd-b633-7c07703ab624/click] with body: {"element":"352fa868-b432-4fdd-b633-7c07703ab624"}
[debug] &amp#27;[35m[WD Proxy]&amp#27;[39m Got response with status 200: {"sessionId":"b9791e08-e950-455d-abb7-57cd25fcf4fd","value":null}
[debug] &amp#27;[35m[W3C (5d4d029e)]&amp#27;[39m Responding to client with driver.click() result: null
&amp#27;[35m[HTTP]&amp#27;[39m &amp#27;[37m<-- POST /wd/hub/session/5d4d029e-608c-4025-b328-68d749c43761/element/352fa868-b432-4fdd-b633-7c07703ab624/click &amp#27;[39m&amp#27;[32m200&amp#27;[39m &amp#27;[90m17 ms - 14&amp#27;[39m
&amp#27;[35m[HTTP]&amp#27;[39m &amp#27;[90m&amp#27;[39m
&amp#27;[35m[HTTP]&amp#27;[39m &amp#27;[37m-->&amp#27;[39m &amp#27;[37mPOST&amp#27;[39m &amp#27;[37m/wd/hub/session/5d4d029e-608c-4025-b328-68d749c43761/element&amp#27;[39m
&amp#27;[35m[HTTP]&amp#27;[39m &amp#27;[90m{"using":"id","value":"android:id/button1"}&amp#27;[39m
[debug] &amp#27;[35m[W3C (5d4d029e)]&amp#27;[39m Calling AppiumDriver.findElement() with args: ["id","android:id/button1","5d4d029e-608c-4025-b328-68d749c43761"]
[debug] &amp#27;[35m[BaseDriver]&amp#27;[39m Valid locator strategies for this request: xpath, id, class name, accessibility id, -android uiautomator
[debug] &amp#27;[35m[BaseDriver]&amp#27;[39m Waiting up to 30000 ms for condition
[debug] &amp#27;[35m[WD Proxy]&amp#27;[39m Matched '/element' to command name 'findElement'
[debug] &amp#27;[35m[WD Proxy]&amp#27;[39m Proxying [POST /element] to [POST http://127.0.0.1:8200/wd/hub/session/b9791e08-e950-455d-abb7-57cd25fcf4fd/element] with body: {"strategy":"id","selector":"android:id/button1","context":"","multiple":false}
&amp#27;[35m[WD Proxy]&amp#27;[39m Got response with status 404: {"sessionId":"b9791e08-e950-455d-abb7-57cd25fcf4fd","value":{"error":"no such element","message":"An element could not be located on the page using the given search parameters","stacktrace":"io.appium.uiautomator2.common.exceptions.ElementNotFoundException: An element could not be located on the page using the given search parameters\n\tat io.appium.uiautomator2.handler.FindElement.safeHandle(FindElement.java:78)\n\tat io.appium.uiautomator2.handler.request.SafeRequestHandler.handle(SafeRequestHandler.java:38)\n\tat io.appium.uiautomator2.server.AppiumServlet.handleRequest(AppiumServlet.java:252)\n\tat io.appium.uiautomator2.server.AppiumServlet.handleHttpRequest(AppiumServlet.java:242)\n\tat io.appium.uiautomator2.http.ServerHandler.channelRead(ServerHandler.java:51)\n\tat io.netty.channel.AbstractChannelHandlerContext.invokeChannelRead(AbstractChannelHandlerContext.java:366)\n\tat io.netty.channel.AbstractChannelHandlerContext.invokeChannelRead(AbstractChannelHandlerContext.java:352)\n\tat io.netty.chann...
[debug] &amp#27;[35m[W3C]&amp#27;[39m Matched W3C error code 'no such element' to NoSuchElementError
[debug] &amp#27;[35m[BaseDriver]&amp#27;[39m Waited for 81 ms so far
[debug] &amp#27;[35m[WD Proxy]&amp#27;[39m Matched '/element' to command name 'findElement'
[debug] &amp#27;[35m[WD Proxy]&amp#27;[39m Proxying [POST /element] to [POST http://127.0.0.1:8200/wd/hub/session/b9791e08-e950-455d-abb7-57cd25fcf4fd/element] with body: {"strategy":"id","selector":"android:id/button1","context":"","multiple":false}
[debug] &amp#27;[35m[WD Proxy]&amp#27;[39m Got response with status 200: {"sessionId":"b9791e08-e950-455d-abb7-57cd25fcf4fd","value":{"ELEMENT":"60badca2-98f4-44fc-86ab-09a829670f0d","element-6066-11e4-a52e-4f735466cecf":"60badca2-98f4-44fc-86ab-09a829670f0d"}}
[debug] &amp#27;[35m[W3C (5d4d029e)]&amp#27;[39m Responding to client with driver.findElement() result: {"element-6066-11e4-a52e-4f735466cecf":"60badca2-98f4-44fc-86ab-09a829670f0d","ELEMENT":"60badca2-98f4-44fc-86ab-09a829670f0d"}
&amp#27;[35m[HTTP]&amp#27;[39m &amp#27;[37m<-- POST /wd/hub/session/5d4d029e-608c-4025-b328-68d749c43761/element &amp#27;[39m&amp#27;[32m200&amp#27;[39m &amp#27;[90m631 ms - 137&amp#27;[39m
&amp#27;[35m[HTTP]&amp#27;[39m &amp#27;[90m&amp#27;[39m
&amp#27;[35m[HTTP]&amp#27;[39m &amp#27;[37m-->&amp#27;[39m &amp#27;[37mPOST&amp#27;[39m &amp#27;[37m/wd/hub/session/5d4d029e-608c-4025-b328-68d749c43761/element/60badca2-98f4-44fc-86ab-09a829670f0d/click&amp#27;[39m
&amp#27;[35m[HTTP]&amp#27;[39m &amp#27;[90m{"id":"60badca2-98f4-44fc-86ab-09a829670f0d"}&amp#27;[39m
[debug] &amp#27;[35m[W3C (5d4d029e)]&amp#27;[39m Calling AppiumDriver.click() with args: ["60badca2-98f4-44fc-86ab-09a829670f0d","5d4d029e-608c-4025-b328-68d749c43761"]
[debug] &amp#27;[35m[WD Proxy]&amp#27;[39m Matched '/element/60badca2-98f4-44fc-86ab-09a829670f0d/click' to command name 'click'
[debug] &amp#27;[35m[WD Proxy]&amp#27;[39m Proxying [POST /element/60badca2-98f4-44fc-86ab-09a829670f0d/click] to [POST http://127.0.0.1:8200/wd/hub/session/b9791e08-e950-455d-abb7-57cd25fcf4fd/element/60badca2-98f4-44fc-86ab-09a829670f0d/click] with body: {"element":"60badca2-98f4-44fc-86ab-09a829670f0d"}
[debug] &amp#27;[35m[WD Proxy]&amp#27;[39m Got response with status 200: {"sessionId":"b9791e08-e950-455d-abb7-57cd25fcf4fd","value":null}
[debug] &amp#27;[35m[W3C (5d4d029e)]&amp#27;[39m Responding to client with driver.click() result: null
&amp#27;[35m[HTTP]&amp#27;[39m &amp#27;[37m<-- POST /wd/hub/session/5d4d029e-608c-4025-b328-68d749c43761/element/60badca2-98f4-44fc-86ab-09a829670f0d/click &amp#27;[39m&amp#27;[32m200&amp#27;[39m &amp#27;[90m14 ms - 14&amp#27;[39m
&amp#27;[35m[HTTP]&amp#27;[39m &amp#27;[90m&amp#27;[39m
User Signed Out
]]></system-out>
    <system-err><![CDATA[SLF4J: Failed to load class "org.slf4j.impl.StaticLoggerBinder".
SLF4J: Defaulting to no-operation (NOP) logger implementation
SLF4J: See http://www.slf4j.org/codes.html#StaticLoggerBinder for further details.
Jun 02, 2021 4:48:10 PM io.appium.java_client.remote.AppiumCommandExecutor$1 lambda$0
INFO: Detected dialect: W3C
]]></system-err>
  </testcase>
</testsuite>