<?xml version="1.0" encoding="UTF-8"?>
<testng-results ignored="0" total="1" passed="1" failed="0" skipped="0">
  <reporter-output>
  </reporter-output>
  <suite started-at="2021-06-02T16:47:34 IST" name="Suite" finished-at="2021-06-02T16:53:38 IST" duration-ms="364387">
    <groups>
    </groups>
    <test started-at="2021-06-02T16:47:34 IST" name="Test" finished-at="2021-06-02T16:53:38 IST" duration-ms="364387">
      <class name="MobileAppiumFramework.HybridappTesting">
        <test-method is-config="true" signature="setup()[pri:0, instance:MobileAppiumFramework.HybridappTesting@2accdbb5]" started-at="2021-06-02T16:47:34 IST" name="setup" finished-at="2021-06-02T16:47:44 IST" duration-ms="10041" status="PASS">
          <reporter-output>
          </reporter-output>
        </test-method> <!-- setup -->
        <test-method signature="testcase1()[pri:0, instance:MobileAppiumFramework.HybridappTesting@2accdbb5]" started-at="2021-06-02T16:47:44 IST" name="testcase1" finished-at="2021-06-02T16:53:38 IST" duration-ms="354320" status="PASS">
          <reporter-output>
          </reporter-output>
        </test-method> <!-- testcase1 -->
      </class> <!-- MobileAppiumFramework.HybridappTesting -->
    </test> <!-- Test -->
  </suite> <!-- Suite -->
</testng-results>
